2024-07-10 18:40:13.249 INFO [main] [io.github.adamw7.tools.code.CodeMojo.execute(CodeMojo.java:43)] - Executing io.github.adamw7.tools.code.CodeMojo@27a46deb maven plugin
2024-07-10 18:40:13.322 INFO [main] [io.github.adamw7.tools.code.MessagesFinder.execute(MessagesFinder.java:24)] - Found these proto classes:
2024-07-10 18:40:13.323 INFO [main] [io.github.adamw7.tools.code.MessagesFinder.execute(MessagesFinder.java:26)] - class io.github.adamw7.tools.code.test.Clash
2024-07-10 18:40:13.323 INFO [main] [io.github.adamw7.tools.code.MessagesFinder.execute(MessagesFinder.java:26)] - class io.github.adamw7.tools.code.test.Grouping
2024-07-10 18:40:13.323 INFO [main] [io.github.adamw7.tools.code.MessagesFinder.execute(MessagesFinder.java:26)] - class io.github.adamw7.tools.code.test3.OneOptionalFieldOnly
2024-07-10 18:40:13.330 INFO [main] [io.github.adamw7.tools.code.MessagesFinder.execute(MessagesFinder.java:26)] - class io.github.adamw7.tools.code.test.Foo
2024-07-10 18:40:13.330 INFO [main] [io.github.adamw7.tools.code.MessagesFinder.execute(MessagesFinder.java:26)] - class io.github.adamw7.tools.code.test.Foo$Baz
2024-07-10 18:40:13.330 INFO [main] [io.github.adamw7.tools.code.MessagesFinder.execute(MessagesFinder.java:26)] - class io.github.adamw7.tools.code.test.Grouping$Group
2024-07-10 18:40:13.330 INFO [main] [io.github.adamw7.tools.code.MessagesFinder.execute(MessagesFinder.java:26)] - class io.github.adamw7.tools.code.test.Foo$Bar
2024-07-10 18:40:13.330 INFO [main] [io.github.adamw7.tools.code.MessagesFinder.execute(MessagesFinder.java:26)] - class io.github.adamw7.tools.code.test.Computer
2024-07-10 18:40:13.330 INFO [main] [io.github.adamw7.tools.code.MessagesFinder.execute(MessagesFinder.java:26)] - class io.github.adamw7.tools.code.test2.User
2024-07-10 18:40:13.338 INFO [main] [io.github.adamw7.tools.code.gen.Code.createPkg(Code.java:48)] - C:\Users\j_4k\AppData\Local\Temp\codeai-test-17591633405133635386\code\protogen-maven-plugin-test/target/generated-test-sources/java/\org.output.generated created
2024-07-10 18:40:13.746 INFO [main] [io.github.adamw7.tools.code.gen.Code.write(Code.java:72)] - Writing C:\Users\j_4k\AppData\Local\Temp\codeai-test-17591633405133635386\code\protogen-maven-plugin-test/target/generated-test-sources/java/org\output\generated\ClashOptionalIfc.java
2024-07-10 18:40:13.750 INFO [main] [io.github.adamw7.tools.code.gen.Code.write(Code.java:72)] - Writing C:\Users\j_4k\AppData\Local\Temp\codeai-test-17591633405133635386\code\protogen-maven-plugin-test/target/generated-test-sources/java/org\output\generated\ClashIdIfc.java
2024-07-10 18:40:13.832 INFO [main] [io.github.adamw7.tools.code.gen.Code.write(Code.java:72)] - Writing C:\Users\j_4k\AppData\Local\Temp\codeai-test-17591633405133635386\code\protogen-maven-plugin-test/target/generated-test-sources/java/org\output\generated\ClashOptionalImpl.java
2024-07-10 18:40:13.839 INFO [main] [io.github.adamw7.tools.code.gen.Code.write(Code.java:72)] - Writing C:\Users\j_4k\AppData\Local\Temp\codeai-test-17591633405133635386\code\protogen-maven-plugin-test/target/generated-test-sources/java/org\output\generated\ClashBuilder.java
2024-07-10 18:40:13.846 INFO [main] [io.github.adamw7.tools.code.gen.Code.write(Code.java:72)] - Writing C:\Users\j_4k\AppData\Local\Temp\codeai-test-17591633405133635386\code\protogen-maven-plugin-test/target/generated-test-sources/java/org\output\generated\GroupingOptionalIfc.java
2024-07-10 18:40:13.850 INFO [main] [io.github.adamw7.tools.code.gen.Code.write(Code.java:72)] - Writing C:\Users\j_4k\AppData\Local\Temp\codeai-test-17591633405133635386\code\protogen-maven-plugin-test/target/generated-test-sources/java/org\output\generated\GroupingOptionalImpl.java
2024-07-10 18:40:13.854 INFO [main] [io.github.adamw7.tools.code.gen.Code.write(Code.java:72)] - Writing C:\Users\j_4k\AppData\Local\Temp\codeai-test-17591633405133635386\code\protogen-maven-plugin-test/target/generated-test-sources/java/org\output\generated\GroupingBuilder.java
2024-07-10 18:40:13.858 INFO [main] [io.github.adamw7.tools.code.gen.Code.write(Code.java:72)] - Writing C:\Users\j_4k\AppData\Local\Temp\codeai-test-17591633405133635386\code\protogen-maven-plugin-test/target/generated-test-sources/java/org\output\generated\OneOptionalFieldOnlyOptionalIfc.java
2024-07-10 18:40:13.862 INFO [main] [io.github.adamw7.tools.code.gen.Code.write(Code.java:72)] - Writing C:\Users\j_4k\AppData\Local\Temp\codeai-test-17591633405133635386\code\protogen-maven-plugin-test/target/generated-test-sources/java/org\output\generated\OneOptionalFieldOnlyOptionalImpl.java
2024-07-10 18:40:13.865 INFO [main] [io.github.adamw7.tools.code.gen.Code.write(Code.java:72)] - Writing C:\Users\j_4k\AppData\Local\Temp\codeai-test-17591633405133635386\code\protogen-maven-plugin-test/target/generated-test-sources/java/org\output\generated\OneOptionalFieldOnlyBuilder.java
2024-07-10 18:40:13.869 INFO [main] [io.github.adamw7.tools.code.gen.Code.write(Code.java:72)] - Writing C:\Users\j_4k\AppData\Local\Temp\codeai-test-17591633405133635386\code\protogen-maven-plugin-test/target/generated-test-sources/java/org\output\generated\FooOptionalIfc.java
2024-07-10 18:40:13.873 INFO [main] [io.github.adamw7.tools.code.gen.Code.write(Code.java:72)] - Writing C:\Users\j_4k\AppData\Local\Temp\codeai-test-17591633405133635386\code\protogen-maven-plugin-test/target/generated-test-sources/java/org\output\generated\FooOptionalImpl.java
2024-07-10 18:40:13.875 INFO [main] [io.github.adamw7.tools.code.gen.Code.write(Code.java:72)] - Writing C:\Users\j_4k\AppData\Local\Temp\codeai-test-17591633405133635386\code\protogen-maven-plugin-test/target/generated-test-sources/java/org\output\generated\FooBuilder.java
2024-07-10 18:40:13.878 INFO [main] [io.github.adamw7.tools.code.gen.Code.write(Code.java:72)] - Writing C:\Users\j_4k\AppData\Local\Temp\codeai-test-17591633405133635386\code\protogen-maven-plugin-test/target/generated-test-sources/java/org\output\generated\BazOptionalIfc.java
2024-07-10 18:40:13.881 INFO [main] [io.github.adamw7.tools.code.gen.Code.write(Code.java:72)] - Writing C:\Users\j_4k\AppData\Local\Temp\codeai-test-17591633405133635386\code\protogen-maven-plugin-test/target/generated-test-sources/java/org\output\generated\BazAIfc.java
2024-07-10 18:40:13.882 INFO [main] [io.github.adamw7.tools.code.gen.Code.write(Code.java:72)] - Writing C:\Users\j_4k\AppData\Local\Temp\codeai-test-17591633405133635386\code\protogen-maven-plugin-test/target/generated-test-sources/java/org\output\generated\BazOptionalImpl.java
2024-07-10 18:40:13.885 INFO [main] [io.github.adamw7.tools.code.gen.Code.write(Code.java:72)] - Writing C:\Users\j_4k\AppData\Local\Temp\codeai-test-17591633405133635386\code\protogen-maven-plugin-test/target/generated-test-sources/java/org\output\generated\BazBuilder.java
2024-07-10 18:40:13.889 INFO [main] [io.github.adamw7.tools.code.gen.Code.write(Code.java:72)] - Writing C:\Users\j_4k\AppData\Local\Temp\codeai-test-17591633405133635386\code\protogen-maven-plugin-test/target/generated-test-sources/java/org\output\generated\GroupOptionalIfc.java
2024-07-10 18:40:13.891 INFO [main] [io.github.adamw7.tools.code.gen.Code.write(Code.java:72)] - Writing C:\Users\j_4k\AppData\Local\Temp\codeai-test-17591633405133635386\code\protogen-maven-plugin-test/target/generated-test-sources/java/org\output\generated\GroupOptionalImpl.java
2024-07-10 18:40:13.894 INFO [main] [io.github.adamw7.tools.code.gen.Code.write(Code.java:72)] - Writing C:\Users\j_4k\AppData\Local\Temp\codeai-test-17591633405133635386\code\protogen-maven-plugin-test/target/generated-test-sources/java/org\output\generated\GroupBuilder.java
2024-07-10 18:40:13.897 INFO [main] [io.github.adamw7.tools.code.gen.Code.write(Code.java:72)] - Writing C:\Users\j_4k\AppData\Local\Temp\codeai-test-17591633405133635386\code\protogen-maven-plugin-test/target/generated-test-sources/java/org\output\generated\BarOptionalIfc.java
2024-07-10 18:40:13.900 INFO [main] [io.github.adamw7.tools.code.gen.Code.write(Code.java:72)] - Writing C:\Users\j_4k\AppData\Local\Temp\codeai-test-17591633405133635386\code\protogen-maven-plugin-test/target/generated-test-sources/java/org\output\generated\BarNameIfc.java
2024-07-10 18:40:13.902 INFO [main] [io.github.adamw7.tools.code.gen.Code.write(Code.java:72)] - Writing C:\Users\j_4k\AppData\Local\Temp\codeai-test-17591633405133635386\code\protogen-maven-plugin-test/target/generated-test-sources/java/org\output\generated\BarValueIfc.java
2024-07-10 18:40:13.904 INFO [main] [io.github.adamw7.tools.code.gen.Code.write(Code.java:72)] - Writing C:\Users\j_4k\AppData\Local\Temp\codeai-test-17591633405133635386\code\protogen-maven-plugin-test/target/generated-test-sources/java/org\output\generated\BarOptionalImpl.java
2024-07-10 18:40:13.906 INFO [main] [io.github.adamw7.tools.code.gen.Code.write(Code.java:72)] - Writing C:\Users\j_4k\AppData\Local\Temp\codeai-test-17591633405133635386\code\protogen-maven-plugin-test/target/generated-test-sources/java/org\output\generated\BarValueImpl.java
2024-07-10 18:40:13.907 INFO [main] [io.github.adamw7.tools.code.gen.Code.write(Code.java:72)] - Writing C:\Users\j_4k\AppData\Local\Temp\codeai-test-17591633405133635386\code\protogen-maven-plugin-test/target/generated-test-sources/java/org\output\generated\BarBuilder.java
2024-07-10 18:40:13.912 INFO [main] [io.github.adamw7.tools.code.gen.Code.write(Code.java:72)] - Writing C:\Users\j_4k\AppData\Local\Temp\codeai-test-17591633405133635386\code\protogen-maven-plugin-test/target/generated-test-sources/java/org\output\generated\ComputerOptionalIfc.java
2024-07-10 18:40:13.915 INFO [main] [io.github.adamw7.tools.code.gen.Code.write(Code.java:72)] - Writing C:\Users\j_4k\AppData\Local\Temp\codeai-test-17591633405133635386\code\protogen-maven-plugin-test/target/generated-test-sources/java/org\output\generated\ComputerIdIfc.java
2024-07-10 18:40:13.917 INFO [main] [io.github.adamw7.tools.code.gen.Code.write(Code.java:72)] - Writing C:\Users\j_4k\AppData\Local\Temp\codeai-test-17591633405133635386\code\protogen-maven-plugin-test/target/generated-test-sources/java/org\output\generated\ComputerOptionalImpl.java
2024-07-10 18:40:13.920 INFO [main] [io.github.adamw7.tools.code.gen.Code.write(Code.java:72)] - Writing C:\Users\j_4k\AppData\Local\Temp\codeai-test-17591633405133635386\code\protogen-maven-plugin-test/target/generated-test-sources/java/org\output\generated\ComputerBuilder.java
2024-07-10 18:40:13.924 INFO [main] [io.github.adamw7.tools.code.gen.Code.write(Code.java:72)] - Writing C:\Users\j_4k\AppData\Local\Temp\codeai-test-17591633405133635386\code\protogen-maven-plugin-test/target/generated-test-sources/java/org\output\generated\UserOptionalIfc.java
2024-07-10 18:40:13.926 INFO [main] [io.github.adamw7.tools.code.gen.Code.write(Code.java:72)] - Writing C:\Users\j_4k\AppData\Local\Temp\codeai-test-17591633405133635386\code\protogen-maven-plugin-test/target/generated-test-sources/java/org\output\generated\UserNumberIfc.java
2024-07-10 18:40:13.929 INFO [main] [io.github.adamw7.tools.code.gen.Code.write(Code.java:72)] - Writing C:\Users\j_4k\AppData\Local\Temp\codeai-test-17591633405133635386\code\protogen-maven-plugin-test/target/generated-test-sources/java/org\output\generated\UserOptionalImpl.java
2024-07-10 18:40:13.931 INFO [main] [io.github.adamw7.tools.code.gen.Code.write(Code.java:72)] - Writing C:\Users\j_4k\AppData\Local\Temp\codeai-test-17591633405133635386\code\protogen-maven-plugin-test/target/generated-test-sources/java/org\output\generated\UserBuilder.java
2024-07-10 19:36:47.140 INFO [main] [io.github.adamw7.tools.code.CodeMojo.execute(CodeMojo.java:43)] - Executing io.github.adamw7.tools.code.CodeMojo@684bfebc maven plugin
2024-07-10 19:36:47.212 INFO [main] [io.github.adamw7.tools.code.MessagesFinder.execute(MessagesFinder.java:24)] - Found these proto classes:
2024-07-10 19:36:47.212 INFO [main] [io.github.adamw7.tools.code.MessagesFinder.execute(MessagesFinder.java:26)] - class io.github.adamw7.tools.code.test.Clash
2024-07-10 19:36:47.212 INFO [main] [io.github.adamw7.tools.code.MessagesFinder.execute(MessagesFinder.java:26)] - class io.github.adamw7.tools.code.test.Grouping
2024-07-10 19:36:47.213 INFO [main] [io.github.adamw7.tools.code.MessagesFinder.execute(MessagesFinder.java:26)] - class io.github.adamw7.tools.code.test3.OneOptionalFieldOnly
2024-07-10 19:36:47.213 INFO [main] [io.github.adamw7.tools.code.MessagesFinder.execute(MessagesFinder.java:26)] - class io.github.adamw7.tools.code.test.Foo
2024-07-10 19:36:47.213 INFO [main] [io.github.adamw7.tools.code.MessagesFinder.execute(MessagesFinder.java:26)] - class io.github.adamw7.tools.code.test.Foo$Baz
2024-07-10 19:36:47.213 INFO [main] [io.github.adamw7.tools.code.MessagesFinder.execute(MessagesFinder.java:26)] - class io.github.adamw7.tools.code.test.Grouping$Group
2024-07-10 19:36:47.213 INFO [main] [io.github.adamw7.tools.code.MessagesFinder.execute(MessagesFinder.java:26)] - class io.github.adamw7.tools.code.test.Foo$Bar
2024-07-10 19:36:47.213 INFO [main] [io.github.adamw7.tools.code.MessagesFinder.execute(MessagesFinder.java:26)] - class io.github.adamw7.tools.code.test.Computer
2024-07-10 19:36:47.213 INFO [main] [io.github.adamw7.tools.code.MessagesFinder.execute(MessagesFinder.java:26)] - class io.github.adamw7.tools.code.test2.User
2024-07-10 19:36:47.222 INFO [main] [io.github.adamw7.tools.code.gen.Code.createPkg(Code.java:48)] - C:\Users\j_4k\AppData\Local\Temp\codeai-test-17591633405133635386\code\protogen-maven-plugin-test/target/generated-test-sources/java/\org.output.generated created
2024-07-10 19:36:47.656 INFO [main] [io.github.adamw7.tools.code.gen.Code.write(Code.java:72)] - Writing C:\Users\j_4k\AppData\Local\Temp\codeai-test-17591633405133635386\code\protogen-maven-plugin-test/target/generated-test-sources/java/org\output\generated\ClashOptionalIfc.java
2024-07-10 19:36:47.661 INFO [main] [io.github.adamw7.tools.code.gen.Code.write(Code.java:72)] - Writing C:\Users\j_4k\AppData\Local\Temp\codeai-test-17591633405133635386\code\protogen-maven-plugin-test/target/generated-test-sources/java/org\output\generated\ClashIdIfc.java
2024-07-10 19:36:47.740 INFO [main] [io.github.adamw7.tools.code.gen.Code.write(Code.java:72)] - Writing C:\Users\j_4k\AppData\Local\Temp\codeai-test-17591633405133635386\code\protogen-maven-plugin-test/target/generated-test-sources/java/org\output\generated\ClashOptionalImpl.java
2024-07-10 19:36:47.748 INFO [main] [io.github.adamw7.tools.code.gen.Code.write(Code.java:72)] - Writing C:\Users\j_4k\AppData\Local\Temp\codeai-test-17591633405133635386\code\protogen-maven-plugin-test/target/generated-test-sources/java/org\output\generated\ClashBuilder.java
2024-07-10 19:36:47.755 INFO [main] [io.github.adamw7.tools.code.gen.Code.write(Code.java:72)] - Writing C:\Users\j_4k\AppData\Local\Temp\codeai-test-17591633405133635386\code\protogen-maven-plugin-test/target/generated-test-sources/java/org\output\generated\GroupingOptionalIfc.java
2024-07-10 19:36:47.760 INFO [main] [io.github.adamw7.tools.code.gen.Code.write(Code.java:72)] - Writing C:\Users\j_4k\AppData\Local\Temp\codeai-test-17591633405133635386\code\protogen-maven-plugin-test/target/generated-test-sources/java/org\output\generated\GroupingOptionalImpl.java
2024-07-10 19:36:47.765 INFO [main] [io.github.adamw7.tools.code.gen.Code.write(Code.java:72)] - Writing C:\Users\j_4k\AppData\Local\Temp\codeai-test-17591633405133635386\code\protogen-maven-plugin-test/target/generated-test-sources/java/org\output\generated\GroupingBuilder.java
2024-07-10 19:36:47.770 INFO [main] [io.github.adamw7.tools.code.gen.Code.write(Code.java:72)] - Writing C:\Users\j_4k\AppData\Local\Temp\codeai-test-17591633405133635386\code\protogen-maven-plugin-test/target/generated-test-sources/java/org\output\generated\OneOptionalFieldOnlyOptionalIfc.java
2024-07-10 19:36:47.775 INFO [main] [io.github.adamw7.tools.code.gen.Code.write(Code.java:72)] - Writing C:\Users\j_4k\AppData\Local\Temp\codeai-test-17591633405133635386\code\protogen-maven-plugin-test/target/generated-test-sources/java/org\output\generated\OneOptionalFieldOnlyOptionalImpl.java
2024-07-10 19:36:47.778 INFO [main] [io.github.adamw7.tools.code.gen.Code.write(Code.java:72)] - Writing C:\Users\j_4k\AppData\Local\Temp\codeai-test-17591633405133635386\code\protogen-maven-plugin-test/target/generated-test-sources/java/org\output\generated\OneOptionalFieldOnlyBuilder.java
2024-07-10 19:36:47.782 INFO [main] [io.github.adamw7.tools.code.gen.Code.write(Code.java:72)] - Writing C:\Users\j_4k\AppData\Local\Temp\codeai-test-17591633405133635386\code\protogen-maven-plugin-test/target/generated-test-sources/java/org\output\generated\FooOptionalIfc.java
2024-07-10 19:36:47.784 INFO [main] [io.github.adamw7.tools.code.gen.Code.write(Code.java:72)] - Writing C:\Users\j_4k\AppData\Local\Temp\codeai-test-17591633405133635386\code\protogen-maven-plugin-test/target/generated-test-sources/java/org\output\generated\FooOptionalImpl.java
2024-07-10 19:36:47.787 INFO [main] [io.github.adamw7.tools.code.gen.Code.write(Code.java:72)] - Writing C:\Users\j_4k\AppData\Local\Temp\codeai-test-17591633405133635386\code\protogen-maven-plugin-test/target/generated-test-sources/java/org\output\generated\FooBuilder.java
2024-07-10 19:36:47.791 INFO [main] [io.github.adamw7.tools.code.gen.Code.write(Code.java:72)] - Writing C:\Users\j_4k\AppData\Local\Temp\codeai-test-17591633405133635386\code\protogen-maven-plugin-test/target/generated-test-sources/java/org\output\generated\BazOptionalIfc.java
2024-07-10 19:36:47.792 INFO [main] [io.github.adamw7.tools.code.gen.Code.write(Code.java:72)] - Writing C:\Users\j_4k\AppData\Local\Temp\codeai-test-17591633405133635386\code\protogen-maven-plugin-test/target/generated-test-sources/java/org\output\generated\BazAIfc.java
2024-07-10 19:36:47.794 INFO [main] [io.github.adamw7.tools.code.gen.Code.write(Code.java:72)] - Writing C:\Users\j_4k\AppData\Local\Temp\codeai-test-17591633405133635386\code\protogen-maven-plugin-test/target/generated-test-sources/java/org\output\generated\BazOptionalImpl.java
2024-07-10 19:36:47.796 INFO [main] [io.github.adamw7.tools.code.gen.Code.write(Code.java:72)] - Writing C:\Users\j_4k\AppData\Local\Temp\codeai-test-17591633405133635386\code\protogen-maven-plugin-test/target/generated-test-sources/java/org\output\generated\BazBuilder.java
2024-07-10 19:36:47.803 INFO [main] [io.github.adamw7.tools.code.gen.Code.write(Code.java:72)] - Writing C:\Users\j_4k\AppData\Local\Temp\codeai-test-17591633405133635386\code\protogen-maven-plugin-test/target/generated-test-sources/java/org\output\generated\GroupOptionalIfc.java
2024-07-10 19:36:47.804 INFO [main] [io.github.adamw7.tools.code.gen.Code.write(Code.java:72)] - Writing C:\Users\j_4k\AppData\Local\Temp\codeai-test-17591633405133635386\code\protogen-maven-plugin-test/target/generated-test-sources/java/org\output\generated\GroupOptionalImpl.java
2024-07-10 19:36:47.807 INFO [main] [io.github.adamw7.tools.code.gen.Code.write(Code.java:72)] - Writing C:\Users\j_4k\AppData\Local\Temp\codeai-test-17591633405133635386\code\protogen-maven-plugin-test/target/generated-test-sources/java/org\output\generated\GroupBuilder.java
2024-07-10 19:36:47.812 INFO [main] [io.github.adamw7.tools.code.gen.Code.write(Code.java:72)] - Writing C:\Users\j_4k\AppData\Local\Temp\codeai-test-17591633405133635386\code\protogen-maven-plugin-test/target/generated-test-sources/java/org\output\generated\BarOptionalIfc.java
2024-07-10 19:36:47.814 INFO [main] [io.github.adamw7.tools.code.gen.Code.write(Code.java:72)] - Writing C:\Users\j_4k\AppData\Local\Temp\codeai-test-17591633405133635386\code\protogen-maven-plugin-test/target/generated-test-sources/java/org\output\generated\BarNameIfc.java
2024-07-10 19:36:47.815 INFO [main] [io.github.adamw7.tools.code.gen.Code.write(Code.java:72)] - Writing C:\Users\j_4k\AppData\Local\Temp\codeai-test-17591633405133635386\code\protogen-maven-plugin-test/target/generated-test-sources/java/org\output\generated\BarValueIfc.java
2024-07-10 19:36:47.816 INFO [main] [io.github.adamw7.tools.code.gen.Code.write(Code.java:72)] - Writing C:\Users\j_4k\AppData\Local\Temp\codeai-test-17591633405133635386\code\protogen-maven-plugin-test/target/generated-test-sources/java/org\output\generated\BarOptionalImpl.java
2024-07-10 19:36:47.819 INFO [main] [io.github.adamw7.tools.code.gen.Code.write(Code.java:72)] - Writing C:\Users\j_4k\AppData\Local\Temp\codeai-test-17591633405133635386\code\protogen-maven-plugin-test/target/generated-test-sources/java/org\output\generated\BarValueImpl.java
2024-07-10 19:36:47.820 INFO [main] [io.github.adamw7.tools.code.gen.Code.write(Code.java:72)] - Writing C:\Users\j_4k\AppData\Local\Temp\codeai-test-17591633405133635386\code\protogen-maven-plugin-test/target/generated-test-sources/java/org\output\generated\BarBuilder.java
2024-07-10 19:36:47.825 INFO [main] [io.github.adamw7.tools.code.gen.Code.write(Code.java:72)] - Writing C:\Users\j_4k\AppData\Local\Temp\codeai-test-17591633405133635386\code\protogen-maven-plugin-test/target/generated-test-sources/java/org\output\generated\ComputerOptionalIfc.java
2024-07-10 19:36:47.826 INFO [main] [io.github.adamw7.tools.code.gen.Code.write(Code.java:72)] - Writing C:\Users\j_4k\AppData\Local\Temp\codeai-test-17591633405133635386\code\protogen-maven-plugin-test/target/generated-test-sources/java/org\output\generated\ComputerIdIfc.java
2024-07-10 19:36:47.830 INFO [main] [io.github.adamw7.tools.code.gen.Code.write(Code.java:72)] - Writing C:\Users\j_4k\AppData\Local\Temp\codeai-test-17591633405133635386\code\protogen-maven-plugin-test/target/generated-test-sources/java/org\output\generated\ComputerOptionalImpl.java
2024-07-10 19:36:47.832 INFO [main] [io.github.adamw7.tools.code.gen.Code.write(Code.java:72)] - Writing C:\Users\j_4k\AppData\Local\Temp\codeai-test-17591633405133635386\code\protogen-maven-plugin-test/target/generated-test-sources/java/org\output\generated\ComputerBuilder.java
2024-07-10 19:36:47.837 INFO [main] [io.github.adamw7.tools.code.gen.Code.write(Code.java:72)] - Writing C:\Users\j_4k\AppData\Local\Temp\codeai-test-17591633405133635386\code\protogen-maven-plugin-test/target/generated-test-sources/java/org\output\generated\UserOptionalIfc.java
2024-07-10 19:36:47.838 INFO [main] [io.github.adamw7.tools.code.gen.Code.write(Code.java:72)] - Writing C:\Users\j_4k\AppData\Local\Temp\codeai-test-17591633405133635386\code\protogen-maven-plugin-test/target/generated-test-sources/java/org\output\generated\UserNumberIfc.java
2024-07-10 19:36:47.841 INFO [main] [io.github.adamw7.tools.code.gen.Code.write(Code.java:72)] - Writing C:\Users\j_4k\AppData\Local\Temp\codeai-test-17591633405133635386\code\protogen-maven-plugin-test/target/generated-test-sources/java/org\output\generated\UserOptionalImpl.java
2024-07-10 19:36:47.843 INFO [main] [io.github.adamw7.tools.code.gen.Code.write(Code.java:72)] - Writing C:\Users\j_4k\AppData\Local\Temp\codeai-test-17591633405133635386\code\protogen-maven-plugin-test/target/generated-test-sources/java/org\output\generated\UserBuilder.java
2024-07-10 19:37:14.861 INFO [main] [io.github.adamw7.tools.code.CodeMojo.execute(CodeMojo.java:43)] - Executing io.github.adamw7.tools.code.CodeMojo@2e4c702d maven plugin
2024-07-10 19:37:14.995 INFO [main] [io.github.adamw7.tools.code.MessagesFinder.execute(MessagesFinder.java:24)] - Found these proto classes:
2024-07-10 19:37:14.995 INFO [main] [io.github.adamw7.tools.code.MessagesFinder.execute(MessagesFinder.java:26)] - class io.github.adamw7.tools.code.test.Clash
2024-07-10 19:37:14.995 INFO [main] [io.github.adamw7.tools.code.MessagesFinder.execute(MessagesFinder.java:26)] - class io.github.adamw7.tools.code.test.Grouping
2024-07-10 19:37:14.995 INFO [main] [io.github.adamw7.tools.code.MessagesFinder.execute(MessagesFinder.java:26)] - class io.github.adamw7.tools.code.test3.OneOptionalFieldOnly
2024-07-10 19:37:14.996 INFO [main] [io.github.adamw7.tools.code.MessagesFinder.execute(MessagesFinder.java:26)] - class io.github.adamw7.tools.code.test.Foo
2024-07-10 19:37:14.996 INFO [main] [io.github.adamw7.tools.code.MessagesFinder.execute(MessagesFinder.java:26)] - class io.github.adamw7.tools.code.test.Foo$Baz
2024-07-10 19:37:14.996 INFO [main] [io.github.adamw7.tools.code.MessagesFinder.execute(MessagesFinder.java:26)] - class io.github.adamw7.tools.code.test.Grouping$Group
2024-07-10 19:37:14.996 INFO [main] [io.github.adamw7.tools.code.MessagesFinder.execute(MessagesFinder.java:26)] - class io.github.adamw7.tools.code.test.Foo$Bar
2024-07-10 19:37:14.996 INFO [main] [io.github.adamw7.tools.code.MessagesFinder.execute(MessagesFinder.java:26)] - class io.github.adamw7.tools.code.test.Computer
2024-07-10 19:37:14.996 INFO [main] [io.github.adamw7.tools.code.MessagesFinder.execute(MessagesFinder.java:26)] - class io.github.adamw7.tools.code.test2.User
2024-07-10 19:37:15.002 INFO [main] [io.github.adamw7.tools.code.gen.Code.createPkg(Code.java:48)] - C:\Users\j_4k\AppData\Local\Temp\codeai-test-17591633405133635386\code\protogen-maven-plugin-test/target/generated-test-sources/java/\org.output.generated created
2024-07-10 19:37:15.410 INFO [main] [io.github.adamw7.tools.code.gen.Code.write(Code.java:72)] - Writing C:\Users\j_4k\AppData\Local\Temp\codeai-test-17591633405133635386\code\protogen-maven-plugin-test/target/generated-test-sources/java/org\output\generated\ClashOptionalIfc.java
2024-07-10 19:37:15.416 INFO [main] [io.github.adamw7.tools.code.gen.Code.write(Code.java:72)] - Writing C:\Users\j_4k\AppData\Local\Temp\codeai-test-17591633405133635386\code\protogen-maven-plugin-test/target/generated-test-sources/java/org\output\generated\ClashIdIfc.java
2024-07-10 19:37:15.467 INFO [main] [io.github.adamw7.tools.code.gen.Code.write(Code.java:72)] - Writing C:\Users\j_4k\AppData\Local\Temp\codeai-test-17591633405133635386\code\protogen-maven-plugin-test/target/generated-test-sources/java/org\output\generated\ClashOptionalImpl.java
2024-07-10 19:37:15.474 INFO [main] [io.github.adamw7.tools.code.gen.Code.write(Code.java:72)] - Writing C:\Users\j_4k\AppData\Local\Temp\codeai-test-17591633405133635386\code\protogen-maven-plugin-test/target/generated-test-sources/java/org\output\generated\ClashBuilder.java
2024-07-10 19:37:15.479 INFO [main] [io.github.adamw7.tools.code.gen.Code.write(Code.java:72)] - Writing C:\Users\j_4k\AppData\Local\Temp\codeai-test-17591633405133635386\code\protogen-maven-plugin-test/target/generated-test-sources/java/org\output\generated\GroupingOptionalIfc.java
2024-07-10 19:37:15.484 INFO [main] [io.github.adamw7.tools.code.gen.Code.write(Code.java:72)] - Writing C:\Users\j_4k\AppData\Local\Temp\codeai-test-17591633405133635386\code\protogen-maven-plugin-test/target/generated-test-sources/java/org\output\generated\GroupingOptionalImpl.java
2024-07-10 19:37:15.487 INFO [main] [io.github.adamw7.tools.code.gen.Code.write(Code.java:72)] - Writing C:\Users\j_4k\AppData\Local\Temp\codeai-test-17591633405133635386\code\protogen-maven-plugin-test/target/generated-test-sources/java/org\output\generated\GroupingBuilder.java
2024-07-10 19:37:15.492 INFO [main] [io.github.adamw7.tools.code.gen.Code.write(Code.java:72)] - Writing C:\Users\j_4k\AppData\Local\Temp\codeai-test-17591633405133635386\code\protogen-maven-plugin-test/target/generated-test-sources/java/org\output\generated\OneOptionalFieldOnlyOptionalIfc.java
2024-07-10 19:37:15.495 INFO [main] [io.github.adamw7.tools.code.gen.Code.write(Code.java:72)] - Writing C:\Users\j_4k\AppData\Local\Temp\codeai-test-17591633405133635386\code\protogen-maven-plugin-test/target/generated-test-sources/java/org\output\generated\OneOptionalFieldOnlyOptionalImpl.java
2024-07-10 19:37:15.497 INFO [main] [io.github.adamw7.tools.code.gen.Code.write(Code.java:72)] - Writing C:\Users\j_4k\AppData\Local\Temp\codeai-test-17591633405133635386\code\protogen-maven-plugin-test/target/generated-test-sources/java/org\output\generated\OneOptionalFieldOnlyBuilder.java
2024-07-10 19:37:15.502 INFO [main] [io.github.adamw7.tools.code.gen.Code.write(Code.java:72)] - Writing C:\Users\j_4k\AppData\Local\Temp\codeai-test-17591633405133635386\code\protogen-maven-plugin-test/target/generated-test-sources/java/org\output\generated\FooOptionalIfc.java
2024-07-10 19:37:15.504 INFO [main] [io.github.adamw7.tools.code.gen.Code.write(Code.java:72)] - Writing C:\Users\j_4k\AppData\Local\Temp\codeai-test-17591633405133635386\code\protogen-maven-plugin-test/target/generated-test-sources/java/org\output\generated\FooOptionalImpl.java
2024-07-10 19:37:15.507 INFO [main] [io.github.adamw7.tools.code.gen.Code.write(Code.java:72)] - Writing C:\Users\j_4k\AppData\Local\Temp\codeai-test-17591633405133635386\code\protogen-maven-plugin-test/target/generated-test-sources/java/org\output\generated\FooBuilder.java
2024-07-10 19:37:15.510 INFO [main] [io.github.adamw7.tools.code.gen.Code.write(Code.java:72)] - Writing C:\Users\j_4k\AppData\Local\Temp\codeai-test-17591633405133635386\code\protogen-maven-plugin-test/target/generated-test-sources/java/org\output\generated\BazOptionalIfc.java
2024-07-10 19:37:15.511 INFO [main] [io.github.adamw7.tools.code.gen.Code.write(Code.java:72)] - Writing C:\Users\j_4k\AppData\Local\Temp\codeai-test-17591633405133635386\code\protogen-maven-plugin-test/target/generated-test-sources/java/org\output\generated\BazAIfc.java
2024-07-10 19:37:15.513 INFO [main] [io.github.adamw7.tools.code.gen.Code.write(Code.java:72)] - Writing C:\Users\j_4k\AppData\Local\Temp\codeai-test-17591633405133635386\code\protogen-maven-plugin-test/target/generated-test-sources/java/org\output\generated\BazOptionalImpl.java
2024-07-10 19:37:15.515 INFO [main] [io.github.adamw7.tools.code.gen.Code.write(Code.java:72)] - Writing C:\Users\j_4k\AppData\Local\Temp\codeai-test-17591633405133635386\code\protogen-maven-plugin-test/target/generated-test-sources/java/org\output\generated\BazBuilder.java
2024-07-10 19:37:15.519 INFO [main] [io.github.adamw7.tools.code.gen.Code.write(Code.java:72)] - Writing C:\Users\j_4k\AppData\Local\Temp\codeai-test-17591633405133635386\code\protogen-maven-plugin-test/target/generated-test-sources/java/org\output\generated\GroupOptionalIfc.java
2024-07-10 19:37:15.522 INFO [main] [io.github.adamw7.tools.code.gen.Code.write(Code.java:72)] - Writing C:\Users\j_4k\AppData\Local\Temp\codeai-test-17591633405133635386\code\protogen-maven-plugin-test/target/generated-test-sources/java/org\output\generated\GroupOptionalImpl.java
2024-07-10 19:37:15.524 INFO [main] [io.github.adamw7.tools.code.gen.Code.write(Code.java:72)] - Writing C:\Users\j_4k\AppData\Local\Temp\codeai-test-17591633405133635386\code\protogen-maven-plugin-test/target/generated-test-sources/java/org\output\generated\GroupBuilder.java
2024-07-10 19:37:15.528 INFO [main] [io.github.adamw7.tools.code.gen.Code.write(Code.java:72)] - Writing C:\Users\j_4k\AppData\Local\Temp\codeai-test-17591633405133635386\code\protogen-maven-plugin-test/target/generated-test-sources/java/org\output\generated\BarOptionalIfc.java
2024-07-10 19:37:15.530 INFO [main] [io.github.adamw7.tools.code.gen.Code.write(Code.java:72)] - Writing C:\Users\j_4k\AppData\Local\Temp\codeai-test-17591633405133635386\code\protogen-maven-plugin-test/target/generated-test-sources/java/org\output\generated\BarNameIfc.java
2024-07-10 19:37:15.532 INFO [main] [io.github.adamw7.tools.code.gen.Code.write(Code.java:72)] - Writing C:\Users\j_4k\AppData\Local\Temp\codeai-test-17591633405133635386\code\protogen-maven-plugin-test/target/generated-test-sources/java/org\output\generated\BarValueIfc.java
2024-07-10 19:37:15.533 INFO [main] [io.github.adamw7.tools.code.gen.Code.write(Code.java:72)] - Writing C:\Users\j_4k\AppData\Local\Temp\codeai-test-17591633405133635386\code\protogen-maven-plugin-test/target/generated-test-sources/java/org\output\generated\BarOptionalImpl.java
2024-07-10 19:37:15.536 INFO [main] [io.github.adamw7.tools.code.gen.Code.write(Code.java:72)] - Writing C:\Users\j_4k\AppData\Local\Temp\codeai-test-17591633405133635386\code\protogen-maven-plugin-test/target/generated-test-sources/java/org\output\generated\BarValueImpl.java
2024-07-10 19:37:15.538 INFO [main] [io.github.adamw7.tools.code.gen.Code.write(Code.java:72)] - Writing C:\Users\j_4k\AppData\Local\Temp\codeai-test-17591633405133635386\code\protogen-maven-plugin-test/target/generated-test-sources/java/org\output\generated\BarBuilder.java
2024-07-10 19:37:15.542 INFO [main] [io.github.adamw7.tools.code.gen.Code.write(Code.java:72)] - Writing C:\Users\j_4k\AppData\Local\Temp\codeai-test-17591633405133635386\code\protogen-maven-plugin-test/target/generated-test-sources/java/org\output\generated\ComputerOptionalIfc.java
2024-07-10 19:37:15.543 INFO [main] [io.github.adamw7.tools.code.gen.Code.write(Code.java:72)] - Writing C:\Users\j_4k\AppData\Local\Temp\codeai-test-17591633405133635386\code\protogen-maven-plugin-test/target/generated-test-sources/java/org\output\generated\ComputerIdIfc.java
2024-07-10 19:37:15.546 INFO [main] [io.github.adamw7.tools.code.gen.Code.write(Code.java:72)] - Writing C:\Users\j_4k\AppData\Local\Temp\codeai-test-17591633405133635386\code\protogen-maven-plugin-test/target/generated-test-sources/java/org\output\generated\ComputerOptionalImpl.java
2024-07-10 19:37:15.549 INFO [main] [io.github.adamw7.tools.code.gen.Code.write(Code.java:72)] - Writing C:\Users\j_4k\AppData\Local\Temp\codeai-test-17591633405133635386\code\protogen-maven-plugin-test/target/generated-test-sources/java/org\output\generated\ComputerBuilder.java
2024-07-10 19:37:15.553 INFO [main] [io.github.adamw7.tools.code.gen.Code.write(Code.java:72)] - Writing C:\Users\j_4k\AppData\Local\Temp\codeai-test-17591633405133635386\code\protogen-maven-plugin-test/target/generated-test-sources/java/org\output\generated\UserOptionalIfc.java
2024-07-10 19:37:15.554 INFO [main] [io.github.adamw7.tools.code.gen.Code.write(Code.java:72)] - Writing C:\Users\j_4k\AppData\Local\Temp\codeai-test-17591633405133635386\code\protogen-maven-plugin-test/target/generated-test-sources/java/org\output\generated\UserNumberIfc.java
2024-07-10 19:37:15.556 INFO [main] [io.github.adamw7.tools.code.gen.Code.write(Code.java:72)] - Writing C:\Users\j_4k\AppData\Local\Temp\codeai-test-17591633405133635386\code\protogen-maven-plugin-test/target/generated-test-sources/java/org\output\generated\UserOptionalImpl.java
2024-07-10 19:37:15.559 INFO [main] [io.github.adamw7.tools.code.gen.Code.write(Code.java:72)] - Writing C:\Users\j_4k\AppData\Local\Temp\codeai-test-17591633405133635386\code\protogen-maven-plugin-test/target/generated-test-sources/java/org\output\generated\UserBuilder.java
