2024-07-10 18:40:06.824 INFO [main] [io.github.adamw7.tools.code.MessagesFinder.execute(MessagesFinder.java:24)] - Found these proto classes:
2024-07-10 18:40:06.830 INFO [main] [io.github.adamw7.tools.code.MessagesFinder.execute(MessagesFinder.java:26)] - class io.github.adamw7.tools.code.protos.Foo
2024-07-10 18:40:06.831 INFO [main] [io.github.adamw7.tools.code.MessagesFinder.execute(MessagesFinder.java:26)] - class io.github.adamw7.tools.code.protos.Address
2024-07-10 18:40:06.831 INFO [main] [io.github.adamw7.tools.code.MessagesFinder.execute(MessagesFinder.java:26)] - class io.github.adamw7.tools.code.protos.Foo$Baz
2024-07-10 18:40:06.831 INFO [main] [io.github.adamw7.tools.code.MessagesFinder.execute(MessagesFinder.java:26)] - class io.github.adamw7.tools.code.protos.SampleMessage
2024-07-10 18:40:06.890 INFO [main] [io.github.adamw7.tools.code.MessagesFinder.execute(MessagesFinder.java:26)] - class io.github.adamw7.tools.code.protos.OrderEggResponse
2024-07-10 18:40:06.890 INFO [main] [io.github.adamw7.tools.code.MessagesFinder.execute(MessagesFinder.java:26)] - class io.github.adamw7.tools.code.protos.Foo$Bar
2024-07-10 18:40:06.890 INFO [main] [io.github.adamw7.tools.code.MessagesFinder.execute(MessagesFinder.java:26)] - class io.github.adamw7.tools.code.protos.OrderEggRequest
2024-07-10 18:40:06.890 INFO [main] [io.github.adamw7.tools.code.MessagesFinder.execute(MessagesFinder.java:26)] - class io.github.adamw7.tools.code.protos.Person
2024-07-10 18:40:06.890 INFO [main] [io.github.adamw7.tools.code.MessagesFinder.execute(MessagesFinder.java:26)] - class io.github.adamw7.tools.code.protos.City
2024-07-10 18:40:06.890 INFO [main] [io.github.adamw7.tools.code.MessagesFinder.execute(MessagesFinder.java:26)] - class io.github.adamw7.tools.code.protos.Maps
2024-07-10 18:40:06.890 INFO [main] [io.github.adamw7.tools.code.MessagesFinder.execute(MessagesFinder.java:26)] - class io.github.adamw7.tools.code.protos.Recipient
2024-07-10 18:40:06.890 INFO [main] [io.github.adamw7.tools.code.MessagesFinder.execute(MessagesFinder.java:26)] - class io.github.adamw7.tools.code.protos.Person$Group
2024-07-10 18:40:06.944 INFO [main] [io.github.adamw7.tools.code.CodeMojo.execute(CodeMojo.java:43)] - Executing io.github.adamw7.tools.code.CodeMojo@2b464384 maven plugin
2024-07-10 18:40:07.017 INFO [main] [io.github.adamw7.tools.code.MessagesFinder.execute(MessagesFinder.java:24)] - Found these proto classes:
2024-07-10 18:40:07.017 INFO [main] [io.github.adamw7.tools.code.MessagesFinder.execute(MessagesFinder.java:26)] - class io.github.adamw7.tools.code.protos.Foo
2024-07-10 18:40:07.018 INFO [main] [io.github.adamw7.tools.code.MessagesFinder.execute(MessagesFinder.java:26)] - class io.github.adamw7.tools.code.protos.Address
2024-07-10 18:40:07.018 INFO [main] [io.github.adamw7.tools.code.MessagesFinder.execute(MessagesFinder.java:26)] - class io.github.adamw7.tools.code.protos.Foo$Baz
2024-07-10 18:40:07.018 INFO [main] [io.github.adamw7.tools.code.MessagesFinder.execute(MessagesFinder.java:26)] - class io.github.adamw7.tools.code.protos.SampleMessage
2024-07-10 18:40:07.018 INFO [main] [io.github.adamw7.tools.code.MessagesFinder.execute(MessagesFinder.java:26)] - class io.github.adamw7.tools.code.protos.OrderEggResponse
2024-07-10 18:40:07.018 INFO [main] [io.github.adamw7.tools.code.MessagesFinder.execute(MessagesFinder.java:26)] - class io.github.adamw7.tools.code.protos.Foo$Bar
2024-07-10 18:40:07.018 INFO [main] [io.github.adamw7.tools.code.MessagesFinder.execute(MessagesFinder.java:26)] - class io.github.adamw7.tools.code.protos.OrderEggRequest
2024-07-10 18:40:07.018 INFO [main] [io.github.adamw7.tools.code.MessagesFinder.execute(MessagesFinder.java:26)] - class io.github.adamw7.tools.code.protos.Person
2024-07-10 18:40:07.018 INFO [main] [io.github.adamw7.tools.code.MessagesFinder.execute(MessagesFinder.java:26)] - class io.github.adamw7.tools.code.protos.City
2024-07-10 18:40:07.018 INFO [main] [io.github.adamw7.tools.code.MessagesFinder.execute(MessagesFinder.java:26)] - class io.github.adamw7.tools.code.protos.Maps
2024-07-10 18:40:07.018 INFO [main] [io.github.adamw7.tools.code.MessagesFinder.execute(MessagesFinder.java:26)] - class io.github.adamw7.tools.code.protos.Recipient
2024-07-10 18:40:07.019 INFO [main] [io.github.adamw7.tools.code.MessagesFinder.execute(MessagesFinder.java:26)] - class io.github.adamw7.tools.code.protos.Person$Group
2024-07-10 18:40:07.032 INFO [main] [io.github.adamw7.tools.code.gen.Code.createPkg(Code.java:48)] - C:\Users\j_4k\AppData\Local\Temp\codeai-test-17591633405133635386\code\protogen-maven-plugin\target/generated-sources/\com.sth.generated created
2024-07-10 18:40:07.989 INFO [main] [io.github.adamw7.tools.code.gen.Code.write(Code.java:72)] - Writing C:\Users\j_4k\AppData\Local\Temp\codeai-test-17591633405133635386\code\protogen-maven-plugin\target/generated-sources/com\sth\generated\FooOptionalIfc.java
2024-07-10 18:40:08.079 INFO [main] [io.github.adamw7.tools.code.gen.Code.write(Code.java:72)] - Writing C:\Users\j_4k\AppData\Local\Temp\codeai-test-17591633405133635386\code\protogen-maven-plugin\target/generated-sources/com\sth\generated\FooOptionalImpl.java
2024-07-10 18:40:08.086 INFO [main] [io.github.adamw7.tools.code.gen.Code.write(Code.java:72)] - Writing C:\Users\j_4k\AppData\Local\Temp\codeai-test-17591633405133635386\code\protogen-maven-plugin\target/generated-sources/com\sth\generated\FooBuilder.java
2024-07-10 18:40:08.102 INFO [main] [io.github.adamw7.tools.code.gen.Code.write(Code.java:72)] - Writing C:\Users\j_4k\AppData\Local\Temp\codeai-test-17591633405133635386\code\protogen-maven-plugin\target/generated-sources/com\sth\generated\AddressOptionalIfc.java
2024-07-10 18:40:08.111 INFO [main] [io.github.adamw7.tools.code.gen.Code.write(Code.java:72)] - Writing C:\Users\j_4k\AppData\Local\Temp\codeai-test-17591633405133635386\code\protogen-maven-plugin\target/generated-sources/com\sth\generated\AddressStreetIfc.java
2024-07-10 18:40:08.114 INFO [main] [io.github.adamw7.tools.code.gen.Code.write(Code.java:72)] - Writing C:\Users\j_4k\AppData\Local\Temp\codeai-test-17591633405133635386\code\protogen-maven-plugin\target/generated-sources/com\sth\generated\AddressNumberIfc.java
2024-07-10 18:40:08.117 INFO [main] [io.github.adamw7.tools.code.gen.Code.write(Code.java:72)] - Writing C:\Users\j_4k\AppData\Local\Temp\codeai-test-17591633405133635386\code\protogen-maven-plugin\target/generated-sources/com\sth\generated\AddressOptionalImpl.java
2024-07-10 18:40:08.122 INFO [main] [io.github.adamw7.tools.code.gen.Code.write(Code.java:72)] - Writing C:\Users\j_4k\AppData\Local\Temp\codeai-test-17591633405133635386\code\protogen-maven-plugin\target/generated-sources/com\sth\generated\AddressNumberImpl.java
2024-07-10 18:40:08.131 INFO [main] [io.github.adamw7.tools.code.gen.Code.write(Code.java:72)] - Writing C:\Users\j_4k\AppData\Local\Temp\codeai-test-17591633405133635386\code\protogen-maven-plugin\target/generated-sources/com\sth\generated\AddressBuilder.java
2024-07-10 18:40:08.137 INFO [main] [io.github.adamw7.tools.code.gen.Code.write(Code.java:72)] - Writing C:\Users\j_4k\AppData\Local\Temp\codeai-test-17591633405133635386\code\protogen-maven-plugin\target/generated-sources/com\sth\generated\BazOptionalIfc.java
2024-07-10 18:40:08.139 INFO [main] [io.github.adamw7.tools.code.gen.Code.write(Code.java:72)] - Writing C:\Users\j_4k\AppData\Local\Temp\codeai-test-17591633405133635386\code\protogen-maven-plugin\target/generated-sources/com\sth\generated\BazAIfc.java
2024-07-10 18:40:08.142 INFO [main] [io.github.adamw7.tools.code.gen.Code.write(Code.java:72)] - Writing C:\Users\j_4k\AppData\Local\Temp\codeai-test-17591633405133635386\code\protogen-maven-plugin\target/generated-sources/com\sth\generated\BazOptionalImpl.java
2024-07-10 18:40:08.145 INFO [main] [io.github.adamw7.tools.code.gen.Code.write(Code.java:72)] - Writing C:\Users\j_4k\AppData\Local\Temp\codeai-test-17591633405133635386\code\protogen-maven-plugin\target/generated-sources/com\sth\generated\BazBuilder.java
2024-07-10 18:40:08.154 INFO [main] [io.github.adamw7.tools.code.gen.Code.write(Code.java:72)] - Writing C:\Users\j_4k\AppData\Local\Temp\codeai-test-17591633405133635386\code\protogen-maven-plugin\target/generated-sources/com\sth\generated\SampleMessageOptionalIfc.java
2024-07-10 18:40:08.158 INFO [main] [io.github.adamw7.tools.code.gen.Code.write(Code.java:72)] - Writing C:\Users\j_4k\AppData\Local\Temp\codeai-test-17591633405133635386\code\protogen-maven-plugin\target/generated-sources/com\sth\generated\SampleMessageOptionalImpl.java
2024-07-10 18:40:08.163 INFO [main] [io.github.adamw7.tools.code.gen.Code.write(Code.java:72)] - Writing C:\Users\j_4k\AppData\Local\Temp\codeai-test-17591633405133635386\code\protogen-maven-plugin\target/generated-sources/com\sth\generated\SampleMessageBuilder.java
2024-07-10 18:40:08.174 INFO [main] [io.github.adamw7.tools.code.gen.Code.write(Code.java:72)] - Writing C:\Users\j_4k\AppData\Local\Temp\codeai-test-17591633405133635386\code\protogen-maven-plugin\target/generated-sources/com\sth\generated\OrderEggResponseOptionalIfc.java
2024-07-10 18:40:08.178 INFO [main] [io.github.adamw7.tools.code.gen.Code.write(Code.java:72)] - Writing C:\Users\j_4k\AppData\Local\Temp\codeai-test-17591633405133635386\code\protogen-maven-plugin\target/generated-sources/com\sth\generated\OrderEggResponseOptionalImpl.java
2024-07-10 18:40:08.182 INFO [main] [io.github.adamw7.tools.code.gen.Code.write(Code.java:72)] - Writing C:\Users\j_4k\AppData\Local\Temp\codeai-test-17591633405133635386\code\protogen-maven-plugin\target/generated-sources/com\sth\generated\OrderEggResponseBuilder.java
2024-07-10 18:40:08.186 INFO [main] [io.github.adamw7.tools.code.gen.Code.write(Code.java:72)] - Writing C:\Users\j_4k\AppData\Local\Temp\codeai-test-17591633405133635386\code\protogen-maven-plugin\target/generated-sources/com\sth\generated\BarOptionalIfc.java
2024-07-10 18:40:08.188 INFO [main] [io.github.adamw7.tools.code.gen.Code.write(Code.java:72)] - Writing C:\Users\j_4k\AppData\Local\Temp\codeai-test-17591633405133635386\code\protogen-maven-plugin\target/generated-sources/com\sth\generated\BarNameIfc.java
2024-07-10 18:40:08.190 INFO [main] [io.github.adamw7.tools.code.gen.Code.write(Code.java:72)] - Writing C:\Users\j_4k\AppData\Local\Temp\codeai-test-17591633405133635386\code\protogen-maven-plugin\target/generated-sources/com\sth\generated\BarValueIfc.java
2024-07-10 18:40:08.192 INFO [main] [io.github.adamw7.tools.code.gen.Code.write(Code.java:72)] - Writing C:\Users\j_4k\AppData\Local\Temp\codeai-test-17591633405133635386\code\protogen-maven-plugin\target/generated-sources/com\sth\generated\BarOptionalImpl.java
2024-07-10 18:40:08.197 INFO [main] [io.github.adamw7.tools.code.gen.Code.write(Code.java:72)] - Writing C:\Users\j_4k\AppData\Local\Temp\codeai-test-17591633405133635386\code\protogen-maven-plugin\target/generated-sources/com\sth\generated\BarValueImpl.java
2024-07-10 18:40:08.200 INFO [main] [io.github.adamw7.tools.code.gen.Code.write(Code.java:72)] - Writing C:\Users\j_4k\AppData\Local\Temp\codeai-test-17591633405133635386\code\protogen-maven-plugin\target/generated-sources/com\sth\generated\BarBuilder.java
2024-07-10 18:40:08.206 INFO [main] [io.github.adamw7.tools.code.gen.Code.write(Code.java:72)] - Writing C:\Users\j_4k\AppData\Local\Temp\codeai-test-17591633405133635386\code\protogen-maven-plugin\target/generated-sources/com\sth\generated\OrderEggRequestOptionalIfc.java
2024-07-10 18:40:08.212 INFO [main] [io.github.adamw7.tools.code.gen.Code.write(Code.java:72)] - Writing C:\Users\j_4k\AppData\Local\Temp\codeai-test-17591633405133635386\code\protogen-maven-plugin\target/generated-sources/com\sth\generated\OrderEggRequestOptionalImpl.java
2024-07-10 18:40:08.217 INFO [main] [io.github.adamw7.tools.code.gen.Code.write(Code.java:72)] - Writing C:\Users\j_4k\AppData\Local\Temp\codeai-test-17591633405133635386\code\protogen-maven-plugin\target/generated-sources/com\sth\generated\OrderEggRequestBuilder.java
2024-07-10 18:40:08.224 INFO [main] [io.github.adamw7.tools.code.gen.Code.write(Code.java:72)] - Writing C:\Users\j_4k\AppData\Local\Temp\codeai-test-17591633405133635386\code\protogen-maven-plugin\target/generated-sources/com\sth\generated\PersonOptionalIfc.java
2024-07-10 18:40:08.225 INFO [main] [io.github.adamw7.tools.code.gen.Code.write(Code.java:72)] - Writing C:\Users\j_4k\AppData\Local\Temp\codeai-test-17591633405133635386\code\protogen-maven-plugin\target/generated-sources/com\sth\generated\PersonIdIfc.java
2024-07-10 18:40:08.227 INFO [main] [io.github.adamw7.tools.code.gen.Code.write(Code.java:72)] - Writing C:\Users\j_4k\AppData\Local\Temp\codeai-test-17591633405133635386\code\protogen-maven-plugin\target/generated-sources/com\sth\generated\PersonDepartmentIfc.java
2024-07-10 18:40:08.232 INFO [main] [io.github.adamw7.tools.code.gen.Code.write(Code.java:72)] - Writing C:\Users\j_4k\AppData\Local\Temp\codeai-test-17591633405133635386\code\protogen-maven-plugin\target/generated-sources/com\sth\generated\PersonMappingIfc.java
2024-07-10 18:40:08.235 INFO [main] [io.github.adamw7.tools.code.gen.Code.write(Code.java:72)] - Writing C:\Users\j_4k\AppData\Local\Temp\codeai-test-17591633405133635386\code\protogen-maven-plugin\target/generated-sources/com\sth\generated\PersonIdsIfc.java
2024-07-10 18:40:08.237 INFO [main] [io.github.adamw7.tools.code.gen.Code.write(Code.java:72)] - Writing C:\Users\j_4k\AppData\Local\Temp\codeai-test-17591633405133635386\code\protogen-maven-plugin\target/generated-sources/com\sth\generated\PersonClassificationsIfc.java
2024-07-10 18:40:08.239 INFO [main] [io.github.adamw7.tools.code.gen.Code.write(Code.java:72)] - Writing C:\Users\j_4k\AppData\Local\Temp\codeai-test-17591633405133635386\code\protogen-maven-plugin\target/generated-sources/com\sth\generated\PersonFriendsIfc.java
2024-07-10 18:40:08.248 INFO [main] [io.github.adamw7.tools.code.gen.Code.write(Code.java:72)] - Writing C:\Users\j_4k\AppData\Local\Temp\codeai-test-17591633405133635386\code\protogen-maven-plugin\target/generated-sources/com\sth\generated\PersonOptionalImpl.java
2024-07-10 18:40:08.251 INFO [main] [io.github.adamw7.tools.code.gen.Code.write(Code.java:72)] - Writing C:\Users\j_4k\AppData\Local\Temp\codeai-test-17591633405133635386\code\protogen-maven-plugin\target/generated-sources/com\sth\generated\PersonDepartmentImpl.java
2024-07-10 18:40:08.254 INFO [main] [io.github.adamw7.tools.code.gen.Code.write(Code.java:72)] - Writing C:\Users\j_4k\AppData\Local\Temp\codeai-test-17591633405133635386\code\protogen-maven-plugin\target/generated-sources/com\sth\generated\PersonMappingImpl.java
2024-07-10 18:40:08.256 INFO [main] [io.github.adamw7.tools.code.gen.Code.write(Code.java:72)] - Writing C:\Users\j_4k\AppData\Local\Temp\codeai-test-17591633405133635386\code\protogen-maven-plugin\target/generated-sources/com\sth\generated\PersonIdsImpl.java
2024-07-10 18:40:08.259 INFO [main] [io.github.adamw7.tools.code.gen.Code.write(Code.java:72)] - Writing C:\Users\j_4k\AppData\Local\Temp\codeai-test-17591633405133635386\code\protogen-maven-plugin\target/generated-sources/com\sth\generated\PersonClassificationsImpl.java
2024-07-10 18:40:08.263 INFO [main] [io.github.adamw7.tools.code.gen.Code.write(Code.java:72)] - Writing C:\Users\j_4k\AppData\Local\Temp\codeai-test-17591633405133635386\code\protogen-maven-plugin\target/generated-sources/com\sth\generated\PersonFriendsImpl.java
2024-07-10 18:40:08.266 INFO [main] [io.github.adamw7.tools.code.gen.Code.write(Code.java:72)] - Writing C:\Users\j_4k\AppData\Local\Temp\codeai-test-17591633405133635386\code\protogen-maven-plugin\target/generated-sources/com\sth\generated\PersonBuilder.java
2024-07-10 18:40:08.275 INFO [main] [io.github.adamw7.tools.code.gen.Code.write(Code.java:72)] - Writing C:\Users\j_4k\AppData\Local\Temp\codeai-test-17591633405133635386\code\protogen-maven-plugin\target/generated-sources/com\sth\generated\CityOptionalIfc.java
2024-07-10 18:40:08.279 INFO [main] [io.github.adamw7.tools.code.gen.Code.write(Code.java:72)] - Writing C:\Users\j_4k\AppData\Local\Temp\codeai-test-17591633405133635386\code\protogen-maven-plugin\target/generated-sources/com\sth\generated\CityOptionalImpl.java
2024-07-10 18:40:08.283 INFO [main] [io.github.adamw7.tools.code.gen.Code.write(Code.java:72)] - Writing C:\Users\j_4k\AppData\Local\Temp\codeai-test-17591633405133635386\code\protogen-maven-plugin\target/generated-sources/com\sth\generated\CityBuilder.java
2024-07-10 18:40:08.300 INFO [main] [io.github.adamw7.tools.code.gen.Code.write(Code.java:72)] - Writing C:\Users\j_4k\AppData\Local\Temp\codeai-test-17591633405133635386\code\protogen-maven-plugin\target/generated-sources/com\sth\generated\MapsOptionalIfc.java
2024-07-10 18:40:08.303 INFO [main] [io.github.adamw7.tools.code.gen.Code.write(Code.java:72)] - Writing C:\Users\j_4k\AppData\Local\Temp\codeai-test-17591633405133635386\code\protogen-maven-plugin\target/generated-sources/com\sth\generated\MapsSint64_to_int64_mapIfc.java
2024-07-10 18:40:08.304 INFO [main] [io.github.adamw7.tools.code.gen.Code.write(Code.java:72)] - Writing C:\Users\j_4k\AppData\Local\Temp\codeai-test-17591633405133635386\code\protogen-maven-plugin\target/generated-sources/com\sth\generated\MapsSint64_to_int32_mapIfc.java
2024-07-10 18:40:08.306 INFO [main] [io.github.adamw7.tools.code.gen.Code.write(Code.java:72)] - Writing C:\Users\j_4k\AppData\Local\Temp\codeai-test-17591633405133635386\code\protogen-maven-plugin\target/generated-sources/com\sth\generated\MapsFixed32_to_enumeration_mapIfc.java
2024-07-10 18:40:08.308 INFO [main] [io.github.adamw7.tools.code.gen.Code.write(Code.java:72)] - Writing C:\Users\j_4k\AppData\Local\Temp\codeai-test-17591633405133635386\code\protogen-maven-plugin\target/generated-sources/com\sth\generated\MapsSfixed64_to_uint64_mapIfc.java
2024-07-10 18:40:08.310 INFO [main] [io.github.adamw7.tools.code.gen.Code.write(Code.java:72)] - Writing C:\Users\j_4k\AppData\Local\Temp\codeai-test-17591633405133635386\code\protogen-maven-plugin\target/generated-sources/com\sth\generated\MapsSfixed32_to_Person_mapIfc.java
2024-07-10 18:40:08.313 INFO [main] [io.github.adamw7.tools.code.gen.Code.write(Code.java:72)] - Writing C:\Users\j_4k\AppData\Local\Temp\codeai-test-17591633405133635386\code\protogen-maven-plugin\target/generated-sources/com\sth\generated\MapsOptionalImpl.java
2024-07-10 18:40:08.315 INFO [main] [io.github.adamw7.tools.code.gen.Code.write(Code.java:72)] - Writing C:\Users\j_4k\AppData\Local\Temp\codeai-test-17591633405133635386\code\protogen-maven-plugin\target/generated-sources/com\sth\generated\MapsSint64_to_int32_mapImpl.java
2024-07-10 18:40:08.317 INFO [main] [io.github.adamw7.tools.code.gen.Code.write(Code.java:72)] - Writing C:\Users\j_4k\AppData\Local\Temp\codeai-test-17591633405133635386\code\protogen-maven-plugin\target/generated-sources/com\sth\generated\MapsFixed32_to_enumeration_mapImpl.java
2024-07-10 18:40:08.320 INFO [main] [io.github.adamw7.tools.code.gen.Code.write(Code.java:72)] - Writing C:\Users\j_4k\AppData\Local\Temp\codeai-test-17591633405133635386\code\protogen-maven-plugin\target/generated-sources/com\sth\generated\MapsSfixed64_to_uint64_mapImpl.java
2024-07-10 18:40:08.322 INFO [main] [io.github.adamw7.tools.code.gen.Code.write(Code.java:72)] - Writing C:\Users\j_4k\AppData\Local\Temp\codeai-test-17591633405133635386\code\protogen-maven-plugin\target/generated-sources/com\sth\generated\MapsSfixed32_to_Person_mapImpl.java
2024-07-10 18:40:08.324 INFO [main] [io.github.adamw7.tools.code.gen.Code.write(Code.java:72)] - Writing C:\Users\j_4k\AppData\Local\Temp\codeai-test-17591633405133635386\code\protogen-maven-plugin\target/generated-sources/com\sth\generated\MapsBuilder.java
2024-07-10 18:40:08.330 INFO [main] [io.github.adamw7.tools.code.gen.Code.write(Code.java:72)] - Writing C:\Users\j_4k\AppData\Local\Temp\codeai-test-17591633405133635386\code\protogen-maven-plugin\target/generated-sources/com\sth\generated\RecipientOptionalIfc.java
2024-07-10 18:40:08.332 INFO [main] [io.github.adamw7.tools.code.gen.Code.write(Code.java:72)] - Writing C:\Users\j_4k\AppData\Local\Temp\codeai-test-17591633405133635386\code\protogen-maven-plugin\target/generated-sources/com\sth\generated\RecipientOptionalImpl.java
2024-07-10 18:40:08.334 INFO [main] [io.github.adamw7.tools.code.gen.Code.write(Code.java:72)] - Writing C:\Users\j_4k\AppData\Local\Temp\codeai-test-17591633405133635386\code\protogen-maven-plugin\target/generated-sources/com\sth\generated\RecipientBuilder.java
2024-07-10 18:40:08.339 INFO [main] [io.github.adamw7.tools.code.gen.Code.write(Code.java:72)] - Writing C:\Users\j_4k\AppData\Local\Temp\codeai-test-17591633405133635386\code\protogen-maven-plugin\target/generated-sources/com\sth\generated\GroupOptionalIfc.java
2024-07-10 18:40:08.340 INFO [main] [io.github.adamw7.tools.code.gen.Code.write(Code.java:72)] - Writing C:\Users\j_4k\AppData\Local\Temp\codeai-test-17591633405133635386\code\protogen-maven-plugin\target/generated-sources/com\sth\generated\GroupMappingIfc.java
2024-07-10 18:40:08.343 INFO [main] [io.github.adamw7.tools.code.gen.Code.write(Code.java:72)] - Writing C:\Users\j_4k\AppData\Local\Temp\codeai-test-17591633405133635386\code\protogen-maven-plugin\target/generated-sources/com\sth\generated\GroupOptionalImpl.java
2024-07-10 18:40:08.345 INFO [main] [io.github.adamw7.tools.code.gen.Code.write(Code.java:72)] - Writing C:\Users\j_4k\AppData\Local\Temp\codeai-test-17591633405133635386\code\protogen-maven-plugin\target/generated-sources/com\sth\generated\GroupBuilder.java
2024-07-10 18:40:09.149 INFO [main] [io.github.adamw7.tools.code.MojoTest.compileFile(MojoTest.java:110)] - Compiled io.github.adamw7.tools.code.MojoTest$JavaSourceFromFile[file:/C:/Users/j_4k/AppData/Local/Temp/codeai-test-17591633405133635386/code/protogen-maven-plugin/target/generated-sources/com/sth/generated/AddressOptionalIfc.java]
2024-07-10 18:40:09.357 INFO [main] [io.github.adamw7.tools.code.MojoTest.compileFile(MojoTest.java:110)] - Compiled io.github.adamw7.tools.code.MojoTest$JavaSourceFromFile[file:/C:/Users/j_4k/AppData/Local/Temp/codeai-test-17591633405133635386/code/protogen-maven-plugin/target/generated-sources/com/sth/generated/BarOptionalIfc.java]
2024-07-10 18:40:09.543 INFO [main] [io.github.adamw7.tools.code.MojoTest.compileFile(MojoTest.java:110)] - Compiled io.github.adamw7.tools.code.MojoTest$JavaSourceFromFile[file:/C:/Users/j_4k/AppData/Local/Temp/codeai-test-17591633405133635386/code/protogen-maven-plugin/target/generated-sources/com/sth/generated/BazOptionalIfc.java]
2024-07-10 18:40:09.741 INFO [main] [io.github.adamw7.tools.code.MojoTest.compileFile(MojoTest.java:110)] - Compiled io.github.adamw7.tools.code.MojoTest$JavaSourceFromFile[file:/C:/Users/j_4k/AppData/Local/Temp/codeai-test-17591633405133635386/code/protogen-maven-plugin/target/generated-sources/com/sth/generated/CityOptionalIfc.java]
2024-07-10 18:40:09.943 INFO [main] [io.github.adamw7.tools.code.MojoTest.compileFile(MojoTest.java:110)] - Compiled io.github.adamw7.tools.code.MojoTest$JavaSourceFromFile[file:/C:/Users/j_4k/AppData/Local/Temp/codeai-test-17591633405133635386/code/protogen-maven-plugin/target/generated-sources/com/sth/generated/FooOptionalIfc.java]
2024-07-10 18:40:10.110 INFO [main] [io.github.adamw7.tools.code.MojoTest.compileFile(MojoTest.java:110)] - Compiled io.github.adamw7.tools.code.MojoTest$JavaSourceFromFile[file:/C:/Users/j_4k/AppData/Local/Temp/codeai-test-17591633405133635386/code/protogen-maven-plugin/target/generated-sources/com/sth/generated/GroupOptionalIfc.java]
2024-07-10 18:40:10.274 INFO [main] [io.github.adamw7.tools.code.MojoTest.compileFile(MojoTest.java:110)] - Compiled io.github.adamw7.tools.code.MojoTest$JavaSourceFromFile[file:/C:/Users/j_4k/AppData/Local/Temp/codeai-test-17591633405133635386/code/protogen-maven-plugin/target/generated-sources/com/sth/generated/MapsOptionalIfc.java]
2024-07-10 18:40:10.432 INFO [main] [io.github.adamw7.tools.code.MojoTest.compileFile(MojoTest.java:110)] - Compiled io.github.adamw7.tools.code.MojoTest$JavaSourceFromFile[file:/C:/Users/j_4k/AppData/Local/Temp/codeai-test-17591633405133635386/code/protogen-maven-plugin/target/generated-sources/com/sth/generated/OrderEggRequestOptionalIfc.java]
2024-07-10 18:40:10.591 INFO [main] [io.github.adamw7.tools.code.MojoTest.compileFile(MojoTest.java:110)] - Compiled io.github.adamw7.tools.code.MojoTest$JavaSourceFromFile[file:/C:/Users/j_4k/AppData/Local/Temp/codeai-test-17591633405133635386/code/protogen-maven-plugin/target/generated-sources/com/sth/generated/OrderEggResponseOptionalIfc.java]
2024-07-10 18:40:10.805 INFO [main] [io.github.adamw7.tools.code.MojoTest.compileFile(MojoTest.java:110)] - Compiled io.github.adamw7.tools.code.MojoTest$JavaSourceFromFile[file:/C:/Users/j_4k/AppData/Local/Temp/codeai-test-17591633405133635386/code/protogen-maven-plugin/target/generated-sources/com/sth/generated/PersonOptionalIfc.java]
2024-07-10 18:40:10.956 INFO [main] [io.github.adamw7.tools.code.MojoTest.compileFile(MojoTest.java:110)] - Compiled io.github.adamw7.tools.code.MojoTest$JavaSourceFromFile[file:/C:/Users/j_4k/AppData/Local/Temp/codeai-test-17591633405133635386/code/protogen-maven-plugin/target/generated-sources/com/sth/generated/RecipientOptionalIfc.java]
2024-07-10 18:40:11.107 INFO [main] [io.github.adamw7.tools.code.MojoTest.compileFile(MojoTest.java:110)] - Compiled io.github.adamw7.tools.code.MojoTest$JavaSourceFromFile[file:/C:/Users/j_4k/AppData/Local/Temp/codeai-test-17591633405133635386/code/protogen-maven-plugin/target/generated-sources/com/sth/generated/SampleMessageOptionalIfc.java]
2024-07-10 19:36:40.803 INFO [main] [io.github.adamw7.tools.code.MessagesFinder.execute(MessagesFinder.java:24)] - Found these proto classes:
2024-07-10 19:36:40.809 INFO [main] [io.github.adamw7.tools.code.MessagesFinder.execute(MessagesFinder.java:26)] - class io.github.adamw7.tools.code.protos.Foo
2024-07-10 19:36:40.809 INFO [main] [io.github.adamw7.tools.code.MessagesFinder.execute(MessagesFinder.java:26)] - class io.github.adamw7.tools.code.protos.Address
2024-07-10 19:36:40.809 INFO [main] [io.github.adamw7.tools.code.MessagesFinder.execute(MessagesFinder.java:26)] - class io.github.adamw7.tools.code.protos.Foo$Baz
2024-07-10 19:36:40.810 INFO [main] [io.github.adamw7.tools.code.MessagesFinder.execute(MessagesFinder.java:26)] - class io.github.adamw7.tools.code.protos.SampleMessage
2024-07-10 19:36:40.810 INFO [main] [io.github.adamw7.tools.code.MessagesFinder.execute(MessagesFinder.java:26)] - class io.github.adamw7.tools.code.protos.OrderEggResponse
2024-07-10 19:36:40.810 INFO [main] [io.github.adamw7.tools.code.MessagesFinder.execute(MessagesFinder.java:26)] - class io.github.adamw7.tools.code.protos.Foo$Bar
2024-07-10 19:36:40.811 INFO [main] [io.github.adamw7.tools.code.MessagesFinder.execute(MessagesFinder.java:26)] - class io.github.adamw7.tools.code.protos.OrderEggRequest
2024-07-10 19:36:40.811 INFO [main] [io.github.adamw7.tools.code.MessagesFinder.execute(MessagesFinder.java:26)] - class io.github.adamw7.tools.code.protos.Person
2024-07-10 19:36:40.811 INFO [main] [io.github.adamw7.tools.code.MessagesFinder.execute(MessagesFinder.java:26)] - class io.github.adamw7.tools.code.protos.City
2024-07-10 19:36:40.812 INFO [main] [io.github.adamw7.tools.code.MessagesFinder.execute(MessagesFinder.java:26)] - class io.github.adamw7.tools.code.protos.Maps
2024-07-10 19:36:40.812 INFO [main] [io.github.adamw7.tools.code.MessagesFinder.execute(MessagesFinder.java:26)] - class io.github.adamw7.tools.code.protos.Recipient
2024-07-10 19:36:40.812 INFO [main] [io.github.adamw7.tools.code.MessagesFinder.execute(MessagesFinder.java:26)] - class io.github.adamw7.tools.code.protos.Person$Group
2024-07-10 19:36:40.887 INFO [main] [io.github.adamw7.tools.code.CodeMojo.execute(CodeMojo.java:43)] - Executing io.github.adamw7.tools.code.CodeMojo@7a47f0be maven plugin
2024-07-10 19:36:40.971 INFO [main] [io.github.adamw7.tools.code.MessagesFinder.execute(MessagesFinder.java:24)] - Found these proto classes:
2024-07-10 19:36:40.972 INFO [main] [io.github.adamw7.tools.code.MessagesFinder.execute(MessagesFinder.java:26)] - class io.github.adamw7.tools.code.protos.Foo
2024-07-10 19:36:40.972 INFO [main] [io.github.adamw7.tools.code.MessagesFinder.execute(MessagesFinder.java:26)] - class io.github.adamw7.tools.code.protos.Address
2024-07-10 19:36:40.972 INFO [main] [io.github.adamw7.tools.code.MessagesFinder.execute(MessagesFinder.java:26)] - class io.github.adamw7.tools.code.protos.Foo$Baz
2024-07-10 19:36:40.972 INFO [main] [io.github.adamw7.tools.code.MessagesFinder.execute(MessagesFinder.java:26)] - class io.github.adamw7.tools.code.protos.SampleMessage
2024-07-10 19:36:40.972 INFO [main] [io.github.adamw7.tools.code.MessagesFinder.execute(MessagesFinder.java:26)] - class io.github.adamw7.tools.code.protos.OrderEggResponse
2024-07-10 19:36:40.972 INFO [main] [io.github.adamw7.tools.code.MessagesFinder.execute(MessagesFinder.java:26)] - class io.github.adamw7.tools.code.protos.Foo$Bar
2024-07-10 19:36:40.973 INFO [main] [io.github.adamw7.tools.code.MessagesFinder.execute(MessagesFinder.java:26)] - class io.github.adamw7.tools.code.protos.OrderEggRequest
2024-07-10 19:36:40.973 INFO [main] [io.github.adamw7.tools.code.MessagesFinder.execute(MessagesFinder.java:26)] - class io.github.adamw7.tools.code.protos.Person
2024-07-10 19:36:40.973 INFO [main] [io.github.adamw7.tools.code.MessagesFinder.execute(MessagesFinder.java:26)] - class io.github.adamw7.tools.code.protos.City
2024-07-10 19:36:40.973 INFO [main] [io.github.adamw7.tools.code.MessagesFinder.execute(MessagesFinder.java:26)] - class io.github.adamw7.tools.code.protos.Maps
2024-07-10 19:36:40.973 INFO [main] [io.github.adamw7.tools.code.MessagesFinder.execute(MessagesFinder.java:26)] - class io.github.adamw7.tools.code.protos.Recipient
2024-07-10 19:36:40.973 INFO [main] [io.github.adamw7.tools.code.MessagesFinder.execute(MessagesFinder.java:26)] - class io.github.adamw7.tools.code.protos.Person$Group
2024-07-10 19:36:40.981 INFO [main] [io.github.adamw7.tools.code.gen.Code.createPkg(Code.java:48)] - C:\Users\j_4k\AppData\Local\Temp\codeai-test-17591633405133635386\code\protogen-maven-plugin\target/generated-sources/\com.sth.generated created
2024-07-10 19:36:41.978 INFO [main] [io.github.adamw7.tools.code.gen.Code.write(Code.java:72)] - Writing C:\Users\j_4k\AppData\Local\Temp\codeai-test-17591633405133635386\code\protogen-maven-plugin\target/generated-sources/com\sth\generated\FooOptionalIfc.java
2024-07-10 19:36:42.011 INFO [main] [io.github.adamw7.tools.code.gen.Code.write(Code.java:72)] - Writing C:\Users\j_4k\AppData\Local\Temp\codeai-test-17591633405133635386\code\protogen-maven-plugin\target/generated-sources/com\sth\generated\FooOptionalImpl.java
2024-07-10 19:36:42.017 INFO [main] [io.github.adamw7.tools.code.gen.Code.write(Code.java:72)] - Writing C:\Users\j_4k\AppData\Local\Temp\codeai-test-17591633405133635386\code\protogen-maven-plugin\target/generated-sources/com\sth\generated\FooBuilder.java
2024-07-10 19:36:42.035 INFO [main] [io.github.adamw7.tools.code.gen.Code.write(Code.java:72)] - Writing C:\Users\j_4k\AppData\Local\Temp\codeai-test-17591633405133635386\code\protogen-maven-plugin\target/generated-sources/com\sth\generated\AddressOptionalIfc.java
2024-07-10 19:36:42.045 INFO [main] [io.github.adamw7.tools.code.gen.Code.write(Code.java:72)] - Writing C:\Users\j_4k\AppData\Local\Temp\codeai-test-17591633405133635386\code\protogen-maven-plugin\target/generated-sources/com\sth\generated\AddressStreetIfc.java
2024-07-10 19:36:42.048 INFO [main] [io.github.adamw7.tools.code.gen.Code.write(Code.java:72)] - Writing C:\Users\j_4k\AppData\Local\Temp\codeai-test-17591633405133635386\code\protogen-maven-plugin\target/generated-sources/com\sth\generated\AddressNumberIfc.java
2024-07-10 19:36:42.052 INFO [main] [io.github.adamw7.tools.code.gen.Code.write(Code.java:72)] - Writing C:\Users\j_4k\AppData\Local\Temp\codeai-test-17591633405133635386\code\protogen-maven-plugin\target/generated-sources/com\sth\generated\AddressOptionalImpl.java
2024-07-10 19:36:42.058 INFO [main] [io.github.adamw7.tools.code.gen.Code.write(Code.java:72)] - Writing C:\Users\j_4k\AppData\Local\Temp\codeai-test-17591633405133635386\code\protogen-maven-plugin\target/generated-sources/com\sth\generated\AddressNumberImpl.java
2024-07-10 19:36:42.069 INFO [main] [io.github.adamw7.tools.code.gen.Code.write(Code.java:72)] - Writing C:\Users\j_4k\AppData\Local\Temp\codeai-test-17591633405133635386\code\protogen-maven-plugin\target/generated-sources/com\sth\generated\AddressBuilder.java
2024-07-10 19:36:42.075 INFO [main] [io.github.adamw7.tools.code.gen.Code.write(Code.java:72)] - Writing C:\Users\j_4k\AppData\Local\Temp\codeai-test-17591633405133635386\code\protogen-maven-plugin\target/generated-sources/com\sth\generated\BazOptionalIfc.java
2024-07-10 19:36:42.078 INFO [main] [io.github.adamw7.tools.code.gen.Code.write(Code.java:72)] - Writing C:\Users\j_4k\AppData\Local\Temp\codeai-test-17591633405133635386\code\protogen-maven-plugin\target/generated-sources/com\sth\generated\BazAIfc.java
2024-07-10 19:36:42.081 INFO [main] [io.github.adamw7.tools.code.gen.Code.write(Code.java:72)] - Writing C:\Users\j_4k\AppData\Local\Temp\codeai-test-17591633405133635386\code\protogen-maven-plugin\target/generated-sources/com\sth\generated\BazOptionalImpl.java
2024-07-10 19:36:42.085 INFO [main] [io.github.adamw7.tools.code.gen.Code.write(Code.java:72)] - Writing C:\Users\j_4k\AppData\Local\Temp\codeai-test-17591633405133635386\code\protogen-maven-plugin\target/generated-sources/com\sth\generated\BazBuilder.java
2024-07-10 19:36:42.093 INFO [main] [io.github.adamw7.tools.code.gen.Code.write(Code.java:72)] - Writing C:\Users\j_4k\AppData\Local\Temp\codeai-test-17591633405133635386\code\protogen-maven-plugin\target/generated-sources/com\sth\generated\SampleMessageOptionalIfc.java
2024-07-10 19:36:42.098 INFO [main] [io.github.adamw7.tools.code.gen.Code.write(Code.java:72)] - Writing C:\Users\j_4k\AppData\Local\Temp\codeai-test-17591633405133635386\code\protogen-maven-plugin\target/generated-sources/com\sth\generated\SampleMessageOptionalImpl.java
2024-07-10 19:36:42.103 INFO [main] [io.github.adamw7.tools.code.gen.Code.write(Code.java:72)] - Writing C:\Users\j_4k\AppData\Local\Temp\codeai-test-17591633405133635386\code\protogen-maven-plugin\target/generated-sources/com\sth\generated\SampleMessageBuilder.java
2024-07-10 19:36:42.113 INFO [main] [io.github.adamw7.tools.code.gen.Code.write(Code.java:72)] - Writing C:\Users\j_4k\AppData\Local\Temp\codeai-test-17591633405133635386\code\protogen-maven-plugin\target/generated-sources/com\sth\generated\OrderEggResponseOptionalIfc.java
2024-07-10 19:36:42.120 INFO [main] [io.github.adamw7.tools.code.gen.Code.write(Code.java:72)] - Writing C:\Users\j_4k\AppData\Local\Temp\codeai-test-17591633405133635386\code\protogen-maven-plugin\target/generated-sources/com\sth\generated\OrderEggResponseOptionalImpl.java
2024-07-10 19:36:42.124 INFO [main] [io.github.adamw7.tools.code.gen.Code.write(Code.java:72)] - Writing C:\Users\j_4k\AppData\Local\Temp\codeai-test-17591633405133635386\code\protogen-maven-plugin\target/generated-sources/com\sth\generated\OrderEggResponseBuilder.java
2024-07-10 19:36:42.129 INFO [main] [io.github.adamw7.tools.code.gen.Code.write(Code.java:72)] - Writing C:\Users\j_4k\AppData\Local\Temp\codeai-test-17591633405133635386\code\protogen-maven-plugin\target/generated-sources/com\sth\generated\BarOptionalIfc.java
2024-07-10 19:36:42.131 INFO [main] [io.github.adamw7.tools.code.gen.Code.write(Code.java:72)] - Writing C:\Users\j_4k\AppData\Local\Temp\codeai-test-17591633405133635386\code\protogen-maven-plugin\target/generated-sources/com\sth\generated\BarNameIfc.java
2024-07-10 19:36:42.133 INFO [main] [io.github.adamw7.tools.code.gen.Code.write(Code.java:72)] - Writing C:\Users\j_4k\AppData\Local\Temp\codeai-test-17591633405133635386\code\protogen-maven-plugin\target/generated-sources/com\sth\generated\BarValueIfc.java
2024-07-10 19:36:42.136 INFO [main] [io.github.adamw7.tools.code.gen.Code.write(Code.java:72)] - Writing C:\Users\j_4k\AppData\Local\Temp\codeai-test-17591633405133635386\code\protogen-maven-plugin\target/generated-sources/com\sth\generated\BarOptionalImpl.java
2024-07-10 19:36:42.140 INFO [main] [io.github.adamw7.tools.code.gen.Code.write(Code.java:72)] - Writing C:\Users\j_4k\AppData\Local\Temp\codeai-test-17591633405133635386\code\protogen-maven-plugin\target/generated-sources/com\sth\generated\BarValueImpl.java
2024-07-10 19:36:42.142 INFO [main] [io.github.adamw7.tools.code.gen.Code.write(Code.java:72)] - Writing C:\Users\j_4k\AppData\Local\Temp\codeai-test-17591633405133635386\code\protogen-maven-plugin\target/generated-sources/com\sth\generated\BarBuilder.java
2024-07-10 19:36:42.148 INFO [main] [io.github.adamw7.tools.code.gen.Code.write(Code.java:72)] - Writing C:\Users\j_4k\AppData\Local\Temp\codeai-test-17591633405133635386\code\protogen-maven-plugin\target/generated-sources/com\sth\generated\OrderEggRequestOptionalIfc.java
2024-07-10 19:36:42.154 INFO [main] [io.github.adamw7.tools.code.gen.Code.write(Code.java:72)] - Writing C:\Users\j_4k\AppData\Local\Temp\codeai-test-17591633405133635386\code\protogen-maven-plugin\target/generated-sources/com\sth\generated\OrderEggRequestOptionalImpl.java
2024-07-10 19:36:42.158 INFO [main] [io.github.adamw7.tools.code.gen.Code.write(Code.java:72)] - Writing C:\Users\j_4k\AppData\Local\Temp\codeai-test-17591633405133635386\code\protogen-maven-plugin\target/generated-sources/com\sth\generated\OrderEggRequestBuilder.java
2024-07-10 19:36:42.165 INFO [main] [io.github.adamw7.tools.code.gen.Code.write(Code.java:72)] - Writing C:\Users\j_4k\AppData\Local\Temp\codeai-test-17591633405133635386\code\protogen-maven-plugin\target/generated-sources/com\sth\generated\PersonOptionalIfc.java
2024-07-10 19:36:42.167 INFO [main] [io.github.adamw7.tools.code.gen.Code.write(Code.java:72)] - Writing C:\Users\j_4k\AppData\Local\Temp\codeai-test-17591633405133635386\code\protogen-maven-plugin\target/generated-sources/com\sth\generated\PersonIdIfc.java
2024-07-10 19:36:42.169 INFO [main] [io.github.adamw7.tools.code.gen.Code.write(Code.java:72)] - Writing C:\Users\j_4k\AppData\Local\Temp\codeai-test-17591633405133635386\code\protogen-maven-plugin\target/generated-sources/com\sth\generated\PersonDepartmentIfc.java
2024-07-10 19:36:42.173 INFO [main] [io.github.adamw7.tools.code.gen.Code.write(Code.java:72)] - Writing C:\Users\j_4k\AppData\Local\Temp\codeai-test-17591633405133635386\code\protogen-maven-plugin\target/generated-sources/com\sth\generated\PersonMappingIfc.java
2024-07-10 19:36:42.175 INFO [main] [io.github.adamw7.tools.code.gen.Code.write(Code.java:72)] - Writing C:\Users\j_4k\AppData\Local\Temp\codeai-test-17591633405133635386\code\protogen-maven-plugin\target/generated-sources/com\sth\generated\PersonIdsIfc.java
2024-07-10 19:36:42.177 INFO [main] [io.github.adamw7.tools.code.gen.Code.write(Code.java:72)] - Writing C:\Users\j_4k\AppData\Local\Temp\codeai-test-17591633405133635386\code\protogen-maven-plugin\target/generated-sources/com\sth\generated\PersonClassificationsIfc.java
2024-07-10 19:36:42.179 INFO [main] [io.github.adamw7.tools.code.gen.Code.write(Code.java:72)] - Writing C:\Users\j_4k\AppData\Local\Temp\codeai-test-17591633405133635386\code\protogen-maven-plugin\target/generated-sources/com\sth\generated\PersonFriendsIfc.java
2024-07-10 19:36:42.187 INFO [main] [io.github.adamw7.tools.code.gen.Code.write(Code.java:72)] - Writing C:\Users\j_4k\AppData\Local\Temp\codeai-test-17591633405133635386\code\protogen-maven-plugin\target/generated-sources/com\sth\generated\PersonOptionalImpl.java
2024-07-10 19:36:42.190 INFO [main] [io.github.adamw7.tools.code.gen.Code.write(Code.java:72)] - Writing C:\Users\j_4k\AppData\Local\Temp\codeai-test-17591633405133635386\code\protogen-maven-plugin\target/generated-sources/com\sth\generated\PersonDepartmentImpl.java
2024-07-10 19:36:42.193 INFO [main] [io.github.adamw7.tools.code.gen.Code.write(Code.java:72)] - Writing C:\Users\j_4k\AppData\Local\Temp\codeai-test-17591633405133635386\code\protogen-maven-plugin\target/generated-sources/com\sth\generated\PersonMappingImpl.java
2024-07-10 19:36:42.195 INFO [main] [io.github.adamw7.tools.code.gen.Code.write(Code.java:72)] - Writing C:\Users\j_4k\AppData\Local\Temp\codeai-test-17591633405133635386\code\protogen-maven-plugin\target/generated-sources/com\sth\generated\PersonIdsImpl.java
2024-07-10 19:36:42.197 INFO [main] [io.github.adamw7.tools.code.gen.Code.write(Code.java:72)] - Writing C:\Users\j_4k\AppData\Local\Temp\codeai-test-17591633405133635386\code\protogen-maven-plugin\target/generated-sources/com\sth\generated\PersonClassificationsImpl.java
2024-07-10 19:36:42.199 INFO [main] [io.github.adamw7.tools.code.gen.Code.write(Code.java:72)] - Writing C:\Users\j_4k\AppData\Local\Temp\codeai-test-17591633405133635386\code\protogen-maven-plugin\target/generated-sources/com\sth\generated\PersonFriendsImpl.java
2024-07-10 19:36:42.202 INFO [main] [io.github.adamw7.tools.code.gen.Code.write(Code.java:72)] - Writing C:\Users\j_4k\AppData\Local\Temp\codeai-test-17591633405133635386\code\protogen-maven-plugin\target/generated-sources/com\sth\generated\PersonBuilder.java
2024-07-10 19:36:42.211 INFO [main] [io.github.adamw7.tools.code.gen.Code.write(Code.java:72)] - Writing C:\Users\j_4k\AppData\Local\Temp\codeai-test-17591633405133635386\code\protogen-maven-plugin\target/generated-sources/com\sth\generated\CityOptionalIfc.java
2024-07-10 19:36:42.214 INFO [main] [io.github.adamw7.tools.code.gen.Code.write(Code.java:72)] - Writing C:\Users\j_4k\AppData\Local\Temp\codeai-test-17591633405133635386\code\protogen-maven-plugin\target/generated-sources/com\sth\generated\CityOptionalImpl.java
2024-07-10 19:36:42.217 INFO [main] [io.github.adamw7.tools.code.gen.Code.write(Code.java:72)] - Writing C:\Users\j_4k\AppData\Local\Temp\codeai-test-17591633405133635386\code\protogen-maven-plugin\target/generated-sources/com\sth\generated\CityBuilder.java
2024-07-10 19:36:42.239 INFO [main] [io.github.adamw7.tools.code.gen.Code.write(Code.java:72)] - Writing C:\Users\j_4k\AppData\Local\Temp\codeai-test-17591633405133635386\code\protogen-maven-plugin\target/generated-sources/com\sth\generated\MapsOptionalIfc.java
2024-07-10 19:36:42.241 INFO [main] [io.github.adamw7.tools.code.gen.Code.write(Code.java:72)] - Writing C:\Users\j_4k\AppData\Local\Temp\codeai-test-17591633405133635386\code\protogen-maven-plugin\target/generated-sources/com\sth\generated\MapsSint64_to_int64_mapIfc.java
2024-07-10 19:36:42.242 INFO [main] [io.github.adamw7.tools.code.gen.Code.write(Code.java:72)] - Writing C:\Users\j_4k\AppData\Local\Temp\codeai-test-17591633405133635386\code\protogen-maven-plugin\target/generated-sources/com\sth\generated\MapsSint64_to_int32_mapIfc.java
2024-07-10 19:36:42.244 INFO [main] [io.github.adamw7.tools.code.gen.Code.write(Code.java:72)] - Writing C:\Users\j_4k\AppData\Local\Temp\codeai-test-17591633405133635386\code\protogen-maven-plugin\target/generated-sources/com\sth\generated\MapsFixed32_to_enumeration_mapIfc.java
2024-07-10 19:36:42.246 INFO [main] [io.github.adamw7.tools.code.gen.Code.write(Code.java:72)] - Writing C:\Users\j_4k\AppData\Local\Temp\codeai-test-17591633405133635386\code\protogen-maven-plugin\target/generated-sources/com\sth\generated\MapsSfixed64_to_uint64_mapIfc.java
2024-07-10 19:36:42.247 INFO [main] [io.github.adamw7.tools.code.gen.Code.write(Code.java:72)] - Writing C:\Users\j_4k\AppData\Local\Temp\codeai-test-17591633405133635386\code\protogen-maven-plugin\target/generated-sources/com\sth\generated\MapsSfixed32_to_Person_mapIfc.java
2024-07-10 19:36:42.249 INFO [main] [io.github.adamw7.tools.code.gen.Code.write(Code.java:72)] - Writing C:\Users\j_4k\AppData\Local\Temp\codeai-test-17591633405133635386\code\protogen-maven-plugin\target/generated-sources/com\sth\generated\MapsOptionalImpl.java
2024-07-10 19:36:42.251 INFO [main] [io.github.adamw7.tools.code.gen.Code.write(Code.java:72)] - Writing C:\Users\j_4k\AppData\Local\Temp\codeai-test-17591633405133635386\code\protogen-maven-plugin\target/generated-sources/com\sth\generated\MapsSint64_to_int32_mapImpl.java
2024-07-10 19:36:42.253 INFO [main] [io.github.adamw7.tools.code.gen.Code.write(Code.java:72)] - Writing C:\Users\j_4k\AppData\Local\Temp\codeai-test-17591633405133635386\code\protogen-maven-plugin\target/generated-sources/com\sth\generated\MapsFixed32_to_enumeration_mapImpl.java
2024-07-10 19:36:42.256 INFO [main] [io.github.adamw7.tools.code.gen.Code.write(Code.java:72)] - Writing C:\Users\j_4k\AppData\Local\Temp\codeai-test-17591633405133635386\code\protogen-maven-plugin\target/generated-sources/com\sth\generated\MapsSfixed64_to_uint64_mapImpl.java
2024-07-10 19:36:42.258 INFO [main] [io.github.adamw7.tools.code.gen.Code.write(Code.java:72)] - Writing C:\Users\j_4k\AppData\Local\Temp\codeai-test-17591633405133635386\code\protogen-maven-plugin\target/generated-sources/com\sth\generated\MapsSfixed32_to_Person_mapImpl.java
2024-07-10 19:36:42.260 INFO [main] [io.github.adamw7.tools.code.gen.Code.write(Code.java:72)] - Writing C:\Users\j_4k\AppData\Local\Temp\codeai-test-17591633405133635386\code\protogen-maven-plugin\target/generated-sources/com\sth\generated\MapsBuilder.java
2024-07-10 19:36:42.267 INFO [main] [io.github.adamw7.tools.code.gen.Code.write(Code.java:72)] - Writing C:\Users\j_4k\AppData\Local\Temp\codeai-test-17591633405133635386\code\protogen-maven-plugin\target/generated-sources/com\sth\generated\RecipientOptionalIfc.java
2024-07-10 19:36:42.269 INFO [main] [io.github.adamw7.tools.code.gen.Code.write(Code.java:72)] - Writing C:\Users\j_4k\AppData\Local\Temp\codeai-test-17591633405133635386\code\protogen-maven-plugin\target/generated-sources/com\sth\generated\RecipientOptionalImpl.java
2024-07-10 19:36:42.272 INFO [main] [io.github.adamw7.tools.code.gen.Code.write(Code.java:72)] - Writing C:\Users\j_4k\AppData\Local\Temp\codeai-test-17591633405133635386\code\protogen-maven-plugin\target/generated-sources/com\sth\generated\RecipientBuilder.java
2024-07-10 19:36:42.277 INFO [main] [io.github.adamw7.tools.code.gen.Code.write(Code.java:72)] - Writing C:\Users\j_4k\AppData\Local\Temp\codeai-test-17591633405133635386\code\protogen-maven-plugin\target/generated-sources/com\sth\generated\GroupOptionalIfc.java
2024-07-10 19:36:42.279 INFO [main] [io.github.adamw7.tools.code.gen.Code.write(Code.java:72)] - Writing C:\Users\j_4k\AppData\Local\Temp\codeai-test-17591633405133635386\code\protogen-maven-plugin\target/generated-sources/com\sth\generated\GroupMappingIfc.java
2024-07-10 19:36:42.281 INFO [main] [io.github.adamw7.tools.code.gen.Code.write(Code.java:72)] - Writing C:\Users\j_4k\AppData\Local\Temp\codeai-test-17591633405133635386\code\protogen-maven-plugin\target/generated-sources/com\sth\generated\GroupOptionalImpl.java
2024-07-10 19:36:42.284 INFO [main] [io.github.adamw7.tools.code.gen.Code.write(Code.java:72)] - Writing C:\Users\j_4k\AppData\Local\Temp\codeai-test-17591633405133635386\code\protogen-maven-plugin\target/generated-sources/com\sth\generated\GroupBuilder.java
2024-07-10 19:36:43.074 INFO [main] [io.github.adamw7.tools.code.MojoTest.compileFile(MojoTest.java:110)] - Compiled io.github.adamw7.tools.code.MojoTest$JavaSourceFromFile[file:/C:/Users/j_4k/AppData/Local/Temp/codeai-test-17591633405133635386/code/protogen-maven-plugin/target/generated-sources/com/sth/generated/AddressOptionalIfc.java]
2024-07-10 19:36:43.264 INFO [main] [io.github.adamw7.tools.code.MojoTest.compileFile(MojoTest.java:110)] - Compiled io.github.adamw7.tools.code.MojoTest$JavaSourceFromFile[file:/C:/Users/j_4k/AppData/Local/Temp/codeai-test-17591633405133635386/code/protogen-maven-plugin/target/generated-sources/com/sth/generated/BarOptionalIfc.java]
2024-07-10 19:36:43.509 INFO [main] [io.github.adamw7.tools.code.MojoTest.compileFile(MojoTest.java:110)] - Compiled io.github.adamw7.tools.code.MojoTest$JavaSourceFromFile[file:/C:/Users/j_4k/AppData/Local/Temp/codeai-test-17591633405133635386/code/protogen-maven-plugin/target/generated-sources/com/sth/generated/BazOptionalIfc.java]
2024-07-10 19:36:43.723 INFO [main] [io.github.adamw7.tools.code.MojoTest.compileFile(MojoTest.java:110)] - Compiled io.github.adamw7.tools.code.MojoTest$JavaSourceFromFile[file:/C:/Users/j_4k/AppData/Local/Temp/codeai-test-17591633405133635386/code/protogen-maven-plugin/target/generated-sources/com/sth/generated/CityOptionalIfc.java]
2024-07-10 19:36:43.895 INFO [main] [io.github.adamw7.tools.code.MojoTest.compileFile(MojoTest.java:110)] - Compiled io.github.adamw7.tools.code.MojoTest$JavaSourceFromFile[file:/C:/Users/j_4k/AppData/Local/Temp/codeai-test-17591633405133635386/code/protogen-maven-plugin/target/generated-sources/com/sth/generated/FooOptionalIfc.java]
2024-07-10 19:36:44.062 INFO [main] [io.github.adamw7.tools.code.MojoTest.compileFile(MojoTest.java:110)] - Compiled io.github.adamw7.tools.code.MojoTest$JavaSourceFromFile[file:/C:/Users/j_4k/AppData/Local/Temp/codeai-test-17591633405133635386/code/protogen-maven-plugin/target/generated-sources/com/sth/generated/GroupOptionalIfc.java]
2024-07-10 19:36:44.210 INFO [main] [io.github.adamw7.tools.code.MojoTest.compileFile(MojoTest.java:110)] - Compiled io.github.adamw7.tools.code.MojoTest$JavaSourceFromFile[file:/C:/Users/j_4k/AppData/Local/Temp/codeai-test-17591633405133635386/code/protogen-maven-plugin/target/generated-sources/com/sth/generated/MapsOptionalIfc.java]
2024-07-10 19:36:44.399 INFO [main] [io.github.adamw7.tools.code.MojoTest.compileFile(MojoTest.java:110)] - Compiled io.github.adamw7.tools.code.MojoTest$JavaSourceFromFile[file:/C:/Users/j_4k/AppData/Local/Temp/codeai-test-17591633405133635386/code/protogen-maven-plugin/target/generated-sources/com/sth/generated/OrderEggRequestOptionalIfc.java]
2024-07-10 19:36:44.564 INFO [main] [io.github.adamw7.tools.code.MojoTest.compileFile(MojoTest.java:110)] - Compiled io.github.adamw7.tools.code.MojoTest$JavaSourceFromFile[file:/C:/Users/j_4k/AppData/Local/Temp/codeai-test-17591633405133635386/code/protogen-maven-plugin/target/generated-sources/com/sth/generated/OrderEggResponseOptionalIfc.java]
2024-07-10 19:36:44.782 INFO [main] [io.github.adamw7.tools.code.MojoTest.compileFile(MojoTest.java:110)] - Compiled io.github.adamw7.tools.code.MojoTest$JavaSourceFromFile[file:/C:/Users/j_4k/AppData/Local/Temp/codeai-test-17591633405133635386/code/protogen-maven-plugin/target/generated-sources/com/sth/generated/PersonOptionalIfc.java]
2024-07-10 19:36:44.931 INFO [main] [io.github.adamw7.tools.code.MojoTest.compileFile(MojoTest.java:110)] - Compiled io.github.adamw7.tools.code.MojoTest$JavaSourceFromFile[file:/C:/Users/j_4k/AppData/Local/Temp/codeai-test-17591633405133635386/code/protogen-maven-plugin/target/generated-sources/com/sth/generated/RecipientOptionalIfc.java]
2024-07-10 19:36:45.079 INFO [main] [io.github.adamw7.tools.code.MojoTest.compileFile(MojoTest.java:110)] - Compiled io.github.adamw7.tools.code.MojoTest$JavaSourceFromFile[file:/C:/Users/j_4k/AppData/Local/Temp/codeai-test-17591633405133635386/code/protogen-maven-plugin/target/generated-sources/com/sth/generated/SampleMessageOptionalIfc.java]
2024-07-10 19:37:08.133 INFO [main] [io.github.adamw7.tools.code.MessagesFinder.execute(MessagesFinder.java:24)] - Found these proto classes:
2024-07-10 19:37:08.139 INFO [main] [io.github.adamw7.tools.code.MessagesFinder.execute(MessagesFinder.java:26)] - class io.github.adamw7.tools.code.protos.Foo
2024-07-10 19:37:08.139 INFO [main] [io.github.adamw7.tools.code.MessagesFinder.execute(MessagesFinder.java:26)] - class io.github.adamw7.tools.code.protos.Address
2024-07-10 19:37:08.139 INFO [main] [io.github.adamw7.tools.code.MessagesFinder.execute(MessagesFinder.java:26)] - class io.github.adamw7.tools.code.protos.Foo$Baz
2024-07-10 19:37:08.139 INFO [main] [io.github.adamw7.tools.code.MessagesFinder.execute(MessagesFinder.java:26)] - class io.github.adamw7.tools.code.protos.SampleMessage
2024-07-10 19:37:08.139 INFO [main] [io.github.adamw7.tools.code.MessagesFinder.execute(MessagesFinder.java:26)] - class io.github.adamw7.tools.code.protos.OrderEggResponse
2024-07-10 19:37:08.139 INFO [main] [io.github.adamw7.tools.code.MessagesFinder.execute(MessagesFinder.java:26)] - class io.github.adamw7.tools.code.protos.Foo$Bar
2024-07-10 19:37:08.139 INFO [main] [io.github.adamw7.tools.code.MessagesFinder.execute(MessagesFinder.java:26)] - class io.github.adamw7.tools.code.protos.OrderEggRequest
2024-07-10 19:37:08.140 INFO [main] [io.github.adamw7.tools.code.MessagesFinder.execute(MessagesFinder.java:26)] - class io.github.adamw7.tools.code.protos.Person
2024-07-10 19:37:08.140 INFO [main] [io.github.adamw7.tools.code.MessagesFinder.execute(MessagesFinder.java:26)] - class io.github.adamw7.tools.code.protos.City
2024-07-10 19:37:08.140 INFO [main] [io.github.adamw7.tools.code.MessagesFinder.execute(MessagesFinder.java:26)] - class io.github.adamw7.tools.code.protos.Maps
2024-07-10 19:37:08.140 INFO [main] [io.github.adamw7.tools.code.MessagesFinder.execute(MessagesFinder.java:26)] - class io.github.adamw7.tools.code.protos.Recipient
2024-07-10 19:37:08.140 INFO [main] [io.github.adamw7.tools.code.MessagesFinder.execute(MessagesFinder.java:26)] - class io.github.adamw7.tools.code.protos.Person$Group
2024-07-10 19:37:08.247 INFO [main] [io.github.adamw7.tools.code.CodeMojo.execute(CodeMojo.java:43)] - Executing io.github.adamw7.tools.code.CodeMojo@4a5d5b38 maven plugin
2024-07-10 19:37:08.315 INFO [main] [io.github.adamw7.tools.code.MessagesFinder.execute(MessagesFinder.java:24)] - Found these proto classes:
2024-07-10 19:37:08.315 INFO [main] [io.github.adamw7.tools.code.MessagesFinder.execute(MessagesFinder.java:26)] - class io.github.adamw7.tools.code.protos.Foo
2024-07-10 19:37:08.315 INFO [main] [io.github.adamw7.tools.code.MessagesFinder.execute(MessagesFinder.java:26)] - class io.github.adamw7.tools.code.protos.Address
2024-07-10 19:37:08.315 INFO [main] [io.github.adamw7.tools.code.MessagesFinder.execute(MessagesFinder.java:26)] - class io.github.adamw7.tools.code.protos.Foo$Baz
2024-07-10 19:37:08.315 INFO [main] [io.github.adamw7.tools.code.MessagesFinder.execute(MessagesFinder.java:26)] - class io.github.adamw7.tools.code.protos.SampleMessage
2024-07-10 19:37:08.315 INFO [main] [io.github.adamw7.tools.code.MessagesFinder.execute(MessagesFinder.java:26)] - class io.github.adamw7.tools.code.protos.OrderEggResponse
2024-07-10 19:37:08.315 INFO [main] [io.github.adamw7.tools.code.MessagesFinder.execute(MessagesFinder.java:26)] - class io.github.adamw7.tools.code.protos.Foo$Bar
2024-07-10 19:37:08.315 INFO [main] [io.github.adamw7.tools.code.MessagesFinder.execute(MessagesFinder.java:26)] - class io.github.adamw7.tools.code.protos.OrderEggRequest
2024-07-10 19:37:08.316 INFO [main] [io.github.adamw7.tools.code.MessagesFinder.execute(MessagesFinder.java:26)] - class io.github.adamw7.tools.code.protos.Person
2024-07-10 19:37:08.316 INFO [main] [io.github.adamw7.tools.code.MessagesFinder.execute(MessagesFinder.java:26)] - class io.github.adamw7.tools.code.protos.City
2024-07-10 19:37:08.316 INFO [main] [io.github.adamw7.tools.code.MessagesFinder.execute(MessagesFinder.java:26)] - class io.github.adamw7.tools.code.protos.Maps
2024-07-10 19:37:08.316 INFO [main] [io.github.adamw7.tools.code.MessagesFinder.execute(MessagesFinder.java:26)] - class io.github.adamw7.tools.code.protos.Recipient
2024-07-10 19:37:08.316 INFO [main] [io.github.adamw7.tools.code.MessagesFinder.execute(MessagesFinder.java:26)] - class io.github.adamw7.tools.code.protos.Person$Group
2024-07-10 19:37:08.324 INFO [main] [io.github.adamw7.tools.code.gen.Code.createPkg(Code.java:48)] - C:\Users\j_4k\AppData\Local\Temp\codeai-test-17591633405133635386\code\protogen-maven-plugin\target/generated-sources/\com.sth.generated created
2024-07-10 19:37:09.271 INFO [main] [io.github.adamw7.tools.code.gen.Code.write(Code.java:72)] - Writing C:\Users\j_4k\AppData\Local\Temp\codeai-test-17591633405133635386\code\protogen-maven-plugin\target/generated-sources/com\sth\generated\FooOptionalIfc.java
2024-07-10 19:37:09.318 INFO [main] [io.github.adamw7.tools.code.gen.Code.write(Code.java:72)] - Writing C:\Users\j_4k\AppData\Local\Temp\codeai-test-17591633405133635386\code\protogen-maven-plugin\target/generated-sources/com\sth\generated\FooOptionalImpl.java
2024-07-10 19:37:09.384 INFO [main] [io.github.adamw7.tools.code.gen.Code.write(Code.java:72)] - Writing C:\Users\j_4k\AppData\Local\Temp\codeai-test-17591633405133635386\code\protogen-maven-plugin\target/generated-sources/com\sth\generated\FooBuilder.java
2024-07-10 19:37:09.397 INFO [main] [io.github.adamw7.tools.code.gen.Code.write(Code.java:72)] - Writing C:\Users\j_4k\AppData\Local\Temp\codeai-test-17591633405133635386\code\protogen-maven-plugin\target/generated-sources/com\sth\generated\AddressOptionalIfc.java
2024-07-10 19:37:09.409 INFO [main] [io.github.adamw7.tools.code.gen.Code.write(Code.java:72)] - Writing C:\Users\j_4k\AppData\Local\Temp\codeai-test-17591633405133635386\code\protogen-maven-plugin\target/generated-sources/com\sth\generated\AddressStreetIfc.java
2024-07-10 19:37:09.413 INFO [main] [io.github.adamw7.tools.code.gen.Code.write(Code.java:72)] - Writing C:\Users\j_4k\AppData\Local\Temp\codeai-test-17591633405133635386\code\protogen-maven-plugin\target/generated-sources/com\sth\generated\AddressNumberIfc.java
2024-07-10 19:37:09.417 INFO [main] [io.github.adamw7.tools.code.gen.Code.write(Code.java:72)] - Writing C:\Users\j_4k\AppData\Local\Temp\codeai-test-17591633405133635386\code\protogen-maven-plugin\target/generated-sources/com\sth\generated\AddressOptionalImpl.java
2024-07-10 19:37:09.423 INFO [main] [io.github.adamw7.tools.code.gen.Code.write(Code.java:72)] - Writing C:\Users\j_4k\AppData\Local\Temp\codeai-test-17591633405133635386\code\protogen-maven-plugin\target/generated-sources/com\sth\generated\AddressNumberImpl.java
2024-07-10 19:37:09.436 INFO [main] [io.github.adamw7.tools.code.gen.Code.write(Code.java:72)] - Writing C:\Users\j_4k\AppData\Local\Temp\codeai-test-17591633405133635386\code\protogen-maven-plugin\target/generated-sources/com\sth\generated\AddressBuilder.java
2024-07-10 19:37:09.444 INFO [main] [io.github.adamw7.tools.code.gen.Code.write(Code.java:72)] - Writing C:\Users\j_4k\AppData\Local\Temp\codeai-test-17591633405133635386\code\protogen-maven-plugin\target/generated-sources/com\sth\generated\BazOptionalIfc.java
2024-07-10 19:37:09.447 INFO [main] [io.github.adamw7.tools.code.gen.Code.write(Code.java:72)] - Writing C:\Users\j_4k\AppData\Local\Temp\codeai-test-17591633405133635386\code\protogen-maven-plugin\target/generated-sources/com\sth\generated\BazAIfc.java
2024-07-10 19:37:09.451 INFO [main] [io.github.adamw7.tools.code.gen.Code.write(Code.java:72)] - Writing C:\Users\j_4k\AppData\Local\Temp\codeai-test-17591633405133635386\code\protogen-maven-plugin\target/generated-sources/com\sth\generated\BazOptionalImpl.java
2024-07-10 19:37:09.456 INFO [main] [io.github.adamw7.tools.code.gen.Code.write(Code.java:72)] - Writing C:\Users\j_4k\AppData\Local\Temp\codeai-test-17591633405133635386\code\protogen-maven-plugin\target/generated-sources/com\sth\generated\BazBuilder.java
2024-07-10 19:37:09.467 INFO [main] [io.github.adamw7.tools.code.gen.Code.write(Code.java:72)] - Writing C:\Users\j_4k\AppData\Local\Temp\codeai-test-17591633405133635386\code\protogen-maven-plugin\target/generated-sources/com\sth\generated\SampleMessageOptionalIfc.java
2024-07-10 19:37:09.473 INFO [main] [io.github.adamw7.tools.code.gen.Code.write(Code.java:72)] - Writing C:\Users\j_4k\AppData\Local\Temp\codeai-test-17591633405133635386\code\protogen-maven-plugin\target/generated-sources/com\sth\generated\SampleMessageOptionalImpl.java
2024-07-10 19:37:09.479 INFO [main] [io.github.adamw7.tools.code.gen.Code.write(Code.java:72)] - Writing C:\Users\j_4k\AppData\Local\Temp\codeai-test-17591633405133635386\code\protogen-maven-plugin\target/generated-sources/com\sth\generated\SampleMessageBuilder.java
2024-07-10 19:37:09.500 INFO [main] [io.github.adamw7.tools.code.gen.Code.write(Code.java:72)] - Writing C:\Users\j_4k\AppData\Local\Temp\codeai-test-17591633405133635386\code\protogen-maven-plugin\target/generated-sources/com\sth\generated\OrderEggResponseOptionalIfc.java
2024-07-10 19:37:09.507 INFO [main] [io.github.adamw7.tools.code.gen.Code.write(Code.java:72)] - Writing C:\Users\j_4k\AppData\Local\Temp\codeai-test-17591633405133635386\code\protogen-maven-plugin\target/generated-sources/com\sth\generated\OrderEggResponseOptionalImpl.java
2024-07-10 19:37:09.514 INFO [main] [io.github.adamw7.tools.code.gen.Code.write(Code.java:72)] - Writing C:\Users\j_4k\AppData\Local\Temp\codeai-test-17591633405133635386\code\protogen-maven-plugin\target/generated-sources/com\sth\generated\OrderEggResponseBuilder.java
2024-07-10 19:37:09.518 INFO [main] [io.github.adamw7.tools.code.gen.Code.write(Code.java:72)] - Writing C:\Users\j_4k\AppData\Local\Temp\codeai-test-17591633405133635386\code\protogen-maven-plugin\target/generated-sources/com\sth\generated\BarOptionalIfc.java
2024-07-10 19:37:09.521 INFO [main] [io.github.adamw7.tools.code.gen.Code.write(Code.java:72)] - Writing C:\Users\j_4k\AppData\Local\Temp\codeai-test-17591633405133635386\code\protogen-maven-plugin\target/generated-sources/com\sth\generated\BarNameIfc.java
2024-07-10 19:37:09.523 INFO [main] [io.github.adamw7.tools.code.gen.Code.write(Code.java:72)] - Writing C:\Users\j_4k\AppData\Local\Temp\codeai-test-17591633405133635386\code\protogen-maven-plugin\target/generated-sources/com\sth\generated\BarValueIfc.java
2024-07-10 19:37:09.526 INFO [main] [io.github.adamw7.tools.code.gen.Code.write(Code.java:72)] - Writing C:\Users\j_4k\AppData\Local\Temp\codeai-test-17591633405133635386\code\protogen-maven-plugin\target/generated-sources/com\sth\generated\BarOptionalImpl.java
2024-07-10 19:37:09.532 INFO [main] [io.github.adamw7.tools.code.gen.Code.write(Code.java:72)] - Writing C:\Users\j_4k\AppData\Local\Temp\codeai-test-17591633405133635386\code\protogen-maven-plugin\target/generated-sources/com\sth\generated\BarValueImpl.java
2024-07-10 19:37:09.535 INFO [main] [io.github.adamw7.tools.code.gen.Code.write(Code.java:72)] - Writing C:\Users\j_4k\AppData\Local\Temp\codeai-test-17591633405133635386\code\protogen-maven-plugin\target/generated-sources/com\sth\generated\BarBuilder.java
2024-07-10 19:37:09.544 INFO [main] [io.github.adamw7.tools.code.gen.Code.write(Code.java:72)] - Writing C:\Users\j_4k\AppData\Local\Temp\codeai-test-17591633405133635386\code\protogen-maven-plugin\target/generated-sources/com\sth\generated\OrderEggRequestOptionalIfc.java
2024-07-10 19:37:09.553 INFO [main] [io.github.adamw7.tools.code.gen.Code.write(Code.java:72)] - Writing C:\Users\j_4k\AppData\Local\Temp\codeai-test-17591633405133635386\code\protogen-maven-plugin\target/generated-sources/com\sth\generated\OrderEggRequestOptionalImpl.java
2024-07-10 19:37:09.562 INFO [main] [io.github.adamw7.tools.code.gen.Code.write(Code.java:72)] - Writing C:\Users\j_4k\AppData\Local\Temp\codeai-test-17591633405133635386\code\protogen-maven-plugin\target/generated-sources/com\sth\generated\OrderEggRequestBuilder.java
2024-07-10 19:37:09.575 INFO [main] [io.github.adamw7.tools.code.gen.Code.write(Code.java:72)] - Writing C:\Users\j_4k\AppData\Local\Temp\codeai-test-17591633405133635386\code\protogen-maven-plugin\target/generated-sources/com\sth\generated\PersonOptionalIfc.java
2024-07-10 19:37:09.578 INFO [main] [io.github.adamw7.tools.code.gen.Code.write(Code.java:72)] - Writing C:\Users\j_4k\AppData\Local\Temp\codeai-test-17591633405133635386\code\protogen-maven-plugin\target/generated-sources/com\sth\generated\PersonIdIfc.java
2024-07-10 19:37:09.580 INFO [main] [io.github.adamw7.tools.code.gen.Code.write(Code.java:72)] - Writing C:\Users\j_4k\AppData\Local\Temp\codeai-test-17591633405133635386\code\protogen-maven-plugin\target/generated-sources/com\sth\generated\PersonDepartmentIfc.java
2024-07-10 19:37:09.588 INFO [main] [io.github.adamw7.tools.code.gen.Code.write(Code.java:72)] - Writing C:\Users\j_4k\AppData\Local\Temp\codeai-test-17591633405133635386\code\protogen-maven-plugin\target/generated-sources/com\sth\generated\PersonMappingIfc.java
2024-07-10 19:37:09.592 INFO [main] [io.github.adamw7.tools.code.gen.Code.write(Code.java:72)] - Writing C:\Users\j_4k\AppData\Local\Temp\codeai-test-17591633405133635386\code\protogen-maven-plugin\target/generated-sources/com\sth\generated\PersonIdsIfc.java
2024-07-10 19:37:09.594 INFO [main] [io.github.adamw7.tools.code.gen.Code.write(Code.java:72)] - Writing C:\Users\j_4k\AppData\Local\Temp\codeai-test-17591633405133635386\code\protogen-maven-plugin\target/generated-sources/com\sth\generated\PersonClassificationsIfc.java
2024-07-10 19:37:09.596 INFO [main] [io.github.adamw7.tools.code.gen.Code.write(Code.java:72)] - Writing C:\Users\j_4k\AppData\Local\Temp\codeai-test-17591633405133635386\code\protogen-maven-plugin\target/generated-sources/com\sth\generated\PersonFriendsIfc.java
2024-07-10 19:37:09.608 INFO [main] [io.github.adamw7.tools.code.gen.Code.write(Code.java:72)] - Writing C:\Users\j_4k\AppData\Local\Temp\codeai-test-17591633405133635386\code\protogen-maven-plugin\target/generated-sources/com\sth\generated\PersonOptionalImpl.java
2024-07-10 19:37:09.611 INFO [main] [io.github.adamw7.tools.code.gen.Code.write(Code.java:72)] - Writing C:\Users\j_4k\AppData\Local\Temp\codeai-test-17591633405133635386\code\protogen-maven-plugin\target/generated-sources/com\sth\generated\PersonDepartmentImpl.java
2024-07-10 19:37:09.614 INFO [main] [io.github.adamw7.tools.code.gen.Code.write(Code.java:72)] - Writing C:\Users\j_4k\AppData\Local\Temp\codeai-test-17591633405133635386\code\protogen-maven-plugin\target/generated-sources/com\sth\generated\PersonMappingImpl.java
2024-07-10 19:37:09.617 INFO [main] [io.github.adamw7.tools.code.gen.Code.write(Code.java:72)] - Writing C:\Users\j_4k\AppData\Local\Temp\codeai-test-17591633405133635386\code\protogen-maven-plugin\target/generated-sources/com\sth\generated\PersonIdsImpl.java
2024-07-10 19:37:09.621 INFO [main] [io.github.adamw7.tools.code.gen.Code.write(Code.java:72)] - Writing C:\Users\j_4k\AppData\Local\Temp\codeai-test-17591633405133635386\code\protogen-maven-plugin\target/generated-sources/com\sth\generated\PersonClassificationsImpl.java
2024-07-10 19:37:09.624 INFO [main] [io.github.adamw7.tools.code.gen.Code.write(Code.java:72)] - Writing C:\Users\j_4k\AppData\Local\Temp\codeai-test-17591633405133635386\code\protogen-maven-plugin\target/generated-sources/com\sth\generated\PersonFriendsImpl.java
2024-07-10 19:37:09.627 INFO [main] [io.github.adamw7.tools.code.gen.Code.write(Code.java:72)] - Writing C:\Users\j_4k\AppData\Local\Temp\codeai-test-17591633405133635386\code\protogen-maven-plugin\target/generated-sources/com\sth\generated\PersonBuilder.java
2024-07-10 19:37:09.638 INFO [main] [io.github.adamw7.tools.code.gen.Code.write(Code.java:72)] - Writing C:\Users\j_4k\AppData\Local\Temp\codeai-test-17591633405133635386\code\protogen-maven-plugin\target/generated-sources/com\sth\generated\CityOptionalIfc.java
2024-07-10 19:37:09.642 INFO [main] [io.github.adamw7.tools.code.gen.Code.write(Code.java:72)] - Writing C:\Users\j_4k\AppData\Local\Temp\codeai-test-17591633405133635386\code\protogen-maven-plugin\target/generated-sources/com\sth\generated\CityOptionalImpl.java
2024-07-10 19:37:09.646 INFO [main] [io.github.adamw7.tools.code.gen.Code.write(Code.java:72)] - Writing C:\Users\j_4k\AppData\Local\Temp\codeai-test-17591633405133635386\code\protogen-maven-plugin\target/generated-sources/com\sth\generated\CityBuilder.java
2024-07-10 19:37:09.674 INFO [main] [io.github.adamw7.tools.code.gen.Code.write(Code.java:72)] - Writing C:\Users\j_4k\AppData\Local\Temp\codeai-test-17591633405133635386\code\protogen-maven-plugin\target/generated-sources/com\sth\generated\MapsOptionalIfc.java
2024-07-10 19:37:09.677 INFO [main] [io.github.adamw7.tools.code.gen.Code.write(Code.java:72)] - Writing C:\Users\j_4k\AppData\Local\Temp\codeai-test-17591633405133635386\code\protogen-maven-plugin\target/generated-sources/com\sth\generated\MapsSint64_to_int64_mapIfc.java
2024-07-10 19:37:09.679 INFO [main] [io.github.adamw7.tools.code.gen.Code.write(Code.java:72)] - Writing C:\Users\j_4k\AppData\Local\Temp\codeai-test-17591633405133635386\code\protogen-maven-plugin\target/generated-sources/com\sth\generated\MapsSint64_to_int32_mapIfc.java
2024-07-10 19:37:09.681 INFO [main] [io.github.adamw7.tools.code.gen.Code.write(Code.java:72)] - Writing C:\Users\j_4k\AppData\Local\Temp\codeai-test-17591633405133635386\code\protogen-maven-plugin\target/generated-sources/com\sth\generated\MapsFixed32_to_enumeration_mapIfc.java
2024-07-10 19:37:09.684 INFO [main] [io.github.adamw7.tools.code.gen.Code.write(Code.java:72)] - Writing C:\Users\j_4k\AppData\Local\Temp\codeai-test-17591633405133635386\code\protogen-maven-plugin\target/generated-sources/com\sth\generated\MapsSfixed64_to_uint64_mapIfc.java
2024-07-10 19:37:09.686 INFO [main] [io.github.adamw7.tools.code.gen.Code.write(Code.java:72)] - Writing C:\Users\j_4k\AppData\Local\Temp\codeai-test-17591633405133635386\code\protogen-maven-plugin\target/generated-sources/com\sth\generated\MapsSfixed32_to_Person_mapIfc.java
2024-07-10 19:37:09.689 INFO [main] [io.github.adamw7.tools.code.gen.Code.write(Code.java:72)] - Writing C:\Users\j_4k\AppData\Local\Temp\codeai-test-17591633405133635386\code\protogen-maven-plugin\target/generated-sources/com\sth\generated\MapsOptionalImpl.java
2024-07-10 19:37:09.692 INFO [main] [io.github.adamw7.tools.code.gen.Code.write(Code.java:72)] - Writing C:\Users\j_4k\AppData\Local\Temp\codeai-test-17591633405133635386\code\protogen-maven-plugin\target/generated-sources/com\sth\generated\MapsSint64_to_int32_mapImpl.java
2024-07-10 19:37:09.695 INFO [main] [io.github.adamw7.tools.code.gen.Code.write(Code.java:72)] - Writing C:\Users\j_4k\AppData\Local\Temp\codeai-test-17591633405133635386\code\protogen-maven-plugin\target/generated-sources/com\sth\generated\MapsFixed32_to_enumeration_mapImpl.java
2024-07-10 19:37:09.698 INFO [main] [io.github.adamw7.tools.code.gen.Code.write(Code.java:72)] - Writing C:\Users\j_4k\AppData\Local\Temp\codeai-test-17591633405133635386\code\protogen-maven-plugin\target/generated-sources/com\sth\generated\MapsSfixed64_to_uint64_mapImpl.java
2024-07-10 19:37:09.701 INFO [main] [io.github.adamw7.tools.code.gen.Code.write(Code.java:72)] - Writing C:\Users\j_4k\AppData\Local\Temp\codeai-test-17591633405133635386\code\protogen-maven-plugin\target/generated-sources/com\sth\generated\MapsSfixed32_to_Person_mapImpl.java
2024-07-10 19:37:09.705 INFO [main] [io.github.adamw7.tools.code.gen.Code.write(Code.java:72)] - Writing C:\Users\j_4k\AppData\Local\Temp\codeai-test-17591633405133635386\code\protogen-maven-plugin\target/generated-sources/com\sth\generated\MapsBuilder.java
2024-07-10 19:37:09.714 INFO [main] [io.github.adamw7.tools.code.gen.Code.write(Code.java:72)] - Writing C:\Users\j_4k\AppData\Local\Temp\codeai-test-17591633405133635386\code\protogen-maven-plugin\target/generated-sources/com\sth\generated\RecipientOptionalIfc.java
2024-07-10 19:37:09.718 INFO [main] [io.github.adamw7.tools.code.gen.Code.write(Code.java:72)] - Writing C:\Users\j_4k\AppData\Local\Temp\codeai-test-17591633405133635386\code\protogen-maven-plugin\target/generated-sources/com\sth\generated\RecipientOptionalImpl.java
2024-07-10 19:37:09.721 INFO [main] [io.github.adamw7.tools.code.gen.Code.write(Code.java:72)] - Writing C:\Users\j_4k\AppData\Local\Temp\codeai-test-17591633405133635386\code\protogen-maven-plugin\target/generated-sources/com\sth\generated\RecipientBuilder.java
2024-07-10 19:37:09.727 INFO [main] [io.github.adamw7.tools.code.gen.Code.write(Code.java:72)] - Writing C:\Users\j_4k\AppData\Local\Temp\codeai-test-17591633405133635386\code\protogen-maven-plugin\target/generated-sources/com\sth\generated\GroupOptionalIfc.java
2024-07-10 19:37:09.731 INFO [main] [io.github.adamw7.tools.code.gen.Code.write(Code.java:72)] - Writing C:\Users\j_4k\AppData\Local\Temp\codeai-test-17591633405133635386\code\protogen-maven-plugin\target/generated-sources/com\sth\generated\GroupMappingIfc.java
2024-07-10 19:37:09.734 INFO [main] [io.github.adamw7.tools.code.gen.Code.write(Code.java:72)] - Writing C:\Users\j_4k\AppData\Local\Temp\codeai-test-17591633405133635386\code\protogen-maven-plugin\target/generated-sources/com\sth\generated\GroupOptionalImpl.java
2024-07-10 19:37:09.738 INFO [main] [io.github.adamw7.tools.code.gen.Code.write(Code.java:72)] - Writing C:\Users\j_4k\AppData\Local\Temp\codeai-test-17591633405133635386\code\protogen-maven-plugin\target/generated-sources/com\sth\generated\GroupBuilder.java
2024-07-10 19:37:10.577 INFO [main] [io.github.adamw7.tools.code.MojoTest.compileFile(MojoTest.java:110)] - Compiled io.github.adamw7.tools.code.MojoTest$JavaSourceFromFile[file:/C:/Users/j_4k/AppData/Local/Temp/codeai-test-17591633405133635386/code/protogen-maven-plugin/target/generated-sources/com/sth/generated/AddressOptionalIfc.java]
2024-07-10 19:37:10.812 INFO [main] [io.github.adamw7.tools.code.MojoTest.compileFile(MojoTest.java:110)] - Compiled io.github.adamw7.tools.code.MojoTest$JavaSourceFromFile[file:/C:/Users/j_4k/AppData/Local/Temp/codeai-test-17591633405133635386/code/protogen-maven-plugin/target/generated-sources/com/sth/generated/BarOptionalIfc.java]
2024-07-10 19:37:11.097 INFO [main] [io.github.adamw7.tools.code.MojoTest.compileFile(MojoTest.java:110)] - Compiled io.github.adamw7.tools.code.MojoTest$JavaSourceFromFile[file:/C:/Users/j_4k/AppData/Local/Temp/codeai-test-17591633405133635386/code/protogen-maven-plugin/target/generated-sources/com/sth/generated/BazOptionalIfc.java]
2024-07-10 19:37:11.464 INFO [main] [io.github.adamw7.tools.code.MojoTest.compileFile(MojoTest.java:110)] - Compiled io.github.adamw7.tools.code.MojoTest$JavaSourceFromFile[file:/C:/Users/j_4k/AppData/Local/Temp/codeai-test-17591633405133635386/code/protogen-maven-plugin/target/generated-sources/com/sth/generated/CityOptionalIfc.java]
2024-07-10 19:37:11.687 INFO [main] [io.github.adamw7.tools.code.MojoTest.compileFile(MojoTest.java:110)] - Compiled io.github.adamw7.tools.code.MojoTest$JavaSourceFromFile[file:/C:/Users/j_4k/AppData/Local/Temp/codeai-test-17591633405133635386/code/protogen-maven-plugin/target/generated-sources/com/sth/generated/FooOptionalIfc.java]
2024-07-10 19:37:11.891 INFO [main] [io.github.adamw7.tools.code.MojoTest.compileFile(MojoTest.java:110)] - Compiled io.github.adamw7.tools.code.MojoTest$JavaSourceFromFile[file:/C:/Users/j_4k/AppData/Local/Temp/codeai-test-17591633405133635386/code/protogen-maven-plugin/target/generated-sources/com/sth/generated/GroupOptionalIfc.java]
2024-07-10 19:37:12.048 INFO [main] [io.github.adamw7.tools.code.MojoTest.compileFile(MojoTest.java:110)] - Compiled io.github.adamw7.tools.code.MojoTest$JavaSourceFromFile[file:/C:/Users/j_4k/AppData/Local/Temp/codeai-test-17591633405133635386/code/protogen-maven-plugin/target/generated-sources/com/sth/generated/MapsOptionalIfc.java]
2024-07-10 19:37:12.264 INFO [main] [io.github.adamw7.tools.code.MojoTest.compileFile(MojoTest.java:110)] - Compiled io.github.adamw7.tools.code.MojoTest$JavaSourceFromFile[file:/C:/Users/j_4k/AppData/Local/Temp/codeai-test-17591633405133635386/code/protogen-maven-plugin/target/generated-sources/com/sth/generated/OrderEggRequestOptionalIfc.java]
2024-07-10 19:37:12.441 INFO [main] [io.github.adamw7.tools.code.MojoTest.compileFile(MojoTest.java:110)] - Compiled io.github.adamw7.tools.code.MojoTest$JavaSourceFromFile[file:/C:/Users/j_4k/AppData/Local/Temp/codeai-test-17591633405133635386/code/protogen-maven-plugin/target/generated-sources/com/sth/generated/OrderEggResponseOptionalIfc.java]
2024-07-10 19:37:12.637 INFO [main] [io.github.adamw7.tools.code.MojoTest.compileFile(MojoTest.java:110)] - Compiled io.github.adamw7.tools.code.MojoTest$JavaSourceFromFile[file:/C:/Users/j_4k/AppData/Local/Temp/codeai-test-17591633405133635386/code/protogen-maven-plugin/target/generated-sources/com/sth/generated/PersonOptionalIfc.java]
2024-07-10 19:37:12.782 INFO [main] [io.github.adamw7.tools.code.MojoTest.compileFile(MojoTest.java:110)] - Compiled io.github.adamw7.tools.code.MojoTest$JavaSourceFromFile[file:/C:/Users/j_4k/AppData/Local/Temp/codeai-test-17591633405133635386/code/protogen-maven-plugin/target/generated-sources/com/sth/generated/RecipientOptionalIfc.java]
2024-07-10 19:37:12.929 INFO [main] [io.github.adamw7.tools.code.MojoTest.compileFile(MojoTest.java:110)] - Compiled io.github.adamw7.tools.code.MojoTest$JavaSourceFromFile[file:/C:/Users/j_4k/AppData/Local/Temp/codeai-test-17591633405133635386/code/protogen-maven-plugin/target/generated-sources/com/sth/generated/SampleMessageOptionalIfc.java]
